e:\friend engine\friend_engine_sources\windows\libconnectivity\libconnectivity\debug\vc120.pdb
e:\friend engine\friend_engine_sources\windows\libconnectivity\libconnectivity\debug\vc120.idb
e:\friend engine\friend_engine_sources\windows\libconnectivity\libconnectivity\debug\nonlin.obj
e:\friend engine\friend_engine_sources\windows\libconnectivity\libconnectivity\debug\optimise.obj
e:\friend engine\friend_engine_sources\windows\libconnectivity\libconnectivity\debug\optimization.obj
e:\friend engine\friend_engine_sources\windows\libconnectivity\libconnectivity\debug\opttst.obj
e:\friend engine\friend_engine_sources\windows\libconnectivity\libconnectivity\debug\parse.obj
e:\friend engine\friend_engine_sources\windows\libconnectivity\libconnectivity\debug\parser.obj
e:\friend engine\friend_engine_sources\windows\libconnectivity\libconnectivity\debug\quick.obj
e:\friend engine\friend_engine_sources\windows\libconnectivity\libconnectivity\debug\socket.obj
e:\friend engine\friend_engine_sources\windows\libconnectivity\libconnectivity\debug\socket2.obj
e:\friend engine\friend_engine_sources\windows\libconnectivity\libconnectivity\debug\solution.obj
e:\friend engine\friend_engine_sources\windows\libconnectivity\libconnectivity\debug\solvers.obj
e:\friend engine\friend_engine_sources\windows\libconnectivity\libconnectivity\debug\sort.obj
e:\friend engine\friend_engine_sources\windows\libconnectivity\libconnectivity\debug\specialfunctions.obj
e:\friend engine\friend_engine_sources\windows\libconnectivity\libconnectivity\debug\statistics.obj
e:\friend engine\friend_engine_sources\windows\libconnectivity\libconnectivity\debug\submat.obj
e:\friend engine\friend_engine_sources\windows\libconnectivity\libconnectivity\debug\svd.obj
e:\friend engine\friend_engine_sources\windows\libconnectivity\libconnectivity\debug\t2z.obj
e:\friend engine\friend_engine_sources\windows\libconnectivity\libconnectivity\debug\time_tracer.obj
e:\friend engine\friend_engine_sources\windows\libconnectivity\libconnectivity\debug\usage.obj
e:\friend engine\friend_engine_sources\windows\libconnectivity\libconnectivity\debug\vardb.obj
e:\friend engine\friend_engine_sources\windows\libconnectivity\libconnectivity\debug\matches.obj
e:\friend engine\friend_engine_sources\windows\libconnectivity\libconnectivity\debug\minimize.obj
e:\friend engine\friend_engine_sources\windows\libconnectivity\libconnectivity\debug\miscmaths.obj
e:\friend engine\friend_engine_sources\windows\libconnectivity\libconnectivity\debug\miscprob.obj
e:\friend engine\friend_engine_sources\windows\libconnectivity\libconnectivity\debug\myexcept.obj
e:\friend engine\friend_engine_sources\windows\libconnectivity\libconnectivity\debug\newfft.obj
e:\friend engine\friend_engine_sources\windows\libconnectivity\libconnectivity\debug\newimage.obj
e:\friend engine\friend_engine_sources\windows\libconnectivity\libconnectivity\debug\newimagefns.obj
e:\friend engine\friend_engine_sources\windows\libconnectivity\libconnectivity\debug\newmat1.obj
e:\friend engine\friend_engine_sources\windows\libconnectivity\libconnectivity\debug\newmat2.obj
e:\friend engine\friend_engine_sources\windows\libconnectivity\libconnectivity\debug\newmat3.obj
e:\friend engine\friend_engine_sources\windows\libconnectivity\libconnectivity\debug\newmat4.obj
e:\friend engine\friend_engine_sources\windows\libconnectivity\libconnectivity\debug\newmat5.obj
e:\friend engine\friend_engine_sources\windows\libconnectivity\libconnectivity\debug\newmat6.obj
e:\friend engine\friend_engine_sources\windows\libconnectivity\libconnectivity\debug\newmat7.obj
e:\friend engine\friend_engine_sources\windows\libconnectivity\libconnectivity\debug\newmat8.obj
e:\friend engine\friend_engine_sources\windows\libconnectivity\libconnectivity\debug\newmat9.obj
e:\friend engine\friend_engine_sources\windows\libconnectivity\libconnectivity\debug\newmatex.obj
e:\friend engine\friend_engine_sources\windows\libconnectivity\libconnectivity\debug\newmatnl.obj
e:\friend engine\friend_engine_sources\windows\libconnectivity\libconnectivity\debug\newmatrm.obj
e:\friend engine\friend_engine_sources\windows\libconnectivity\libconnectivity\debug\evalue.obj
e:\friend engine\friend_engine_sources\windows\libconnectivity\libconnectivity\debug\f2z.obj
e:\friend engine\friend_engine_sources\windows\libconnectivity\libconnectivity\debug\fasttransforms.obj
e:\friend engine\friend_engine_sources\windows\libconnectivity\libconnectivity\debug\fft.obj
e:\friend engine\friend_engine_sources\windows\libconnectivity\libconnectivity\debug\filefuncs.obj
e:\friend engine\friend_engine_sources\windows\libconnectivity\libconnectivity\debug\fslfuncs.obj
e:\friend engine\friend_engine_sources\windows\libconnectivity\libconnectivity\debug\functions.obj
e:\friend engine\friend_engine_sources\windows\libconnectivity\libconnectivity\debug\generalio.obj
e:\friend engine\friend_engine_sources\windows\libconnectivity\libconnectivity\debug\hholder.obj
e:\friend engine\friend_engine_sources\windows\libconnectivity\libconnectivity\debug\histogram.obj
e:\friend engine\friend_engine_sources\windows\libconnectivity\libconnectivity\debug\imfft.obj
e:\friend engine\friend_engine_sources\windows\libconnectivity\libconnectivity\debug\integration.obj
e:\friend engine\friend_engine_sources\windows\libconnectivity\libconnectivity\debug\interpolation.obj
e:\friend engine\friend_engine_sources\windows\libconnectivity\libconnectivity\debug\intervals.obj
e:\friend engine\friend_engine_sources\windows\libconnectivity\libconnectivity\debug\jacobi.obj
e:\friend engine\friend_engine_sources\windows\libconnectivity\libconnectivity\debug\kernel.obj
e:\friend engine\friend_engine_sources\windows\libconnectivity\libconnectivity\debug\lazy.obj
e:\friend engine\friend_engine_sources\windows\libconnectivity\libconnectivity\debug\linalg.obj
e:\friend engine\friend_engine_sources\windows\libconnectivity\libconnectivity\debug\log.obj
e:\friend engine\friend_engine_sources\windows\libconnectivity\libconnectivity\debug\masks.obj
e:\friend engine\friend_engine_sources\windows\libconnectivity\libconnectivity\debug\globaloptions.obj
e:\friend engine\friend_engine_sources\windows\libconnectivity\libconnectivity\debug\globaloptionsmc.obj
e:\friend engine\friend_engine_sources\windows\libconnectivity\libconnectivity\debug\loga.obj
e:\friend engine\friend_engine_sources\windows\libconnectivity\libconnectivity\debug\mcflirt.obj
e:\friend engine\friend_engine_sources\windows\libconnectivity\libconnectivity\debug\alglibinternal.obj
e:\friend engine\friend_engine_sources\windows\libconnectivity\libconnectivity\debug\alglibmisc.obj
e:\friend engine\friend_engine_sources\windows\libconnectivity\libconnectivity\debug\ap.obj
e:\friend engine\friend_engine_sources\windows\libconnectivity\libconnectivity\debug\bandmat.obj
e:\friend engine\friend_engine_sources\windows\libconnectivity\libconnectivity\debug\base2z.obj
e:\friend engine\friend_engine_sources\windows\libconnectivity\libconnectivity\debug\bfmatrix.obj
e:\friend engine\friend_engine_sources\windows\libconnectivity\libconnectivity\debug\check.obj
e:\friend engine\friend_engine_sources\windows\libconnectivity\libconnectivity\debug\cholesky.obj
e:\friend engine\friend_engine_sources\windows\libconnectivity\libconnectivity\debug\complexvolume.obj
e:\friend engine\friend_engine_sources\windows\libconnectivity\libconnectivity\debug\confusionmatrix.obj
e:\friend engine\friend_engine_sources\windows\libconnectivity\libconnectivity\debug\connectivityplugin.obj
e:\friend engine\friend_engine_sources\windows\libconnectivity\libconnectivity\debug\costfns.obj
e:\friend engine\friend_engine_sources\windows\libconnectivity\libconnectivity\debug\cspline.obj
e:\friend engine\friend_engine_sources\windows\libconnectivity\libconnectivity\debug\dataanalysis.obj
e:\friend engine\friend_engine_sources\windows\libconnectivity\libconnectivity\debug\defs.obj
e:\friend engine\friend_engine_sources\windows\libconnectivity\libconnectivity\debug\diffequations.obj
e:\friend engine\friend_engine_sources\windows\libconnectivity\libconnectivity\debug\fslmaths.obj
e:\friend engine\friend_engine_sources\windows\libconnectivity\libconnectivity\debug\convert_xfm.obj
e:\friend engine\friend_engine_sources\windows\libconnectivity\libconnectivity\debug\flirt.obj
e:\friend engine\friend_engine_sources\windows\libconnectivity\libconnectivity\debug\incbet.obj
e:\friend engine\friend_engine_sources\windows\libconnectivity\libconnectivity\debug\incbi.obj
e:\friend engine\friend_engine_sources\windows\libconnectivity\libconnectivity\debug\infback.obj
e:\friend engine\friend_engine_sources\windows\libconnectivity\libconnectivity\debug\inffast.obj
e:\friend engine\friend_engine_sources\windows\libconnectivity\libconnectivity\debug\inflate.obj
e:\friend engine\friend_engine_sources\windows\libconnectivity\libconnectivity\debug\inftrees.obj
e:\friend engine\friend_engine_sources\windows\libconnectivity\libconnectivity\debug\kolmogorov.obj
e:\friend engine\friend_engine_sources\windows\libconnectivity\libconnectivity\debug\mtherr.obj
e:\friend engine\friend_engine_sources\windows\libconnectivity\libconnectivity\debug\nbdtr.obj
e:\friend engine\friend_engine_sources\windows\libconnectivity\libconnectivity\debug\ndtr.obj
e:\friend engine\friend_engine_sources\windows\libconnectivity\libconnectivity\debug\ndtri.obj
e:\friend engine\friend_engine_sources\windows\libconnectivity\libconnectivity\debug\nifti1_io.obj
e:\friend engine\friend_engine_sources\windows\libconnectivity\libconnectivity\debug\pdtr.obj
e:\friend engine\friend_engine_sources\windows\libconnectivity\libconnectivity\debug\polevl.obj
e:\friend engine\friend_engine_sources\windows\libconnectivity\libconnectivity\debug\stdtr.obj
e:\friend engine\friend_engine_sources\windows\libconnectivity\libconnectivity\debug\trees.obj
e:\friend engine\friend_engine_sources\windows\libconnectivity\libconnectivity\debug\unity.obj
e:\friend engine\friend_engine_sources\windows\libconnectivity\libconnectivity\debug\xmath.obj
e:\friend engine\friend_engine_sources\windows\libconnectivity\libconnectivity\debug\znzlib.obj
e:\friend engine\friend_engine_sources\windows\libconnectivity\libconnectivity\debug\zutil.obj
e:\friend engine\friend_engine_sources\windows\libconnectivity\libconnectivity\debug\adler32.obj
e:\friend engine\friend_engine_sources\windows\libconnectivity\libconnectivity\debug\bdtr.obj
e:\friend engine\friend_engine_sources\windows\libconnectivity\libconnectivity\debug\btdtr.obj
e:\friend engine\friend_engine_sources\windows\libconnectivity\libconnectivity\debug\chdtr.obj
e:\friend engine\friend_engine_sources\windows\libconnectivity\libconnectivity\debug\const.obj
e:\friend engine\friend_engine_sources\windows\libconnectivity\libconnectivity\debug\crc32.obj
e:\friend engine\friend_engine_sources\windows\libconnectivity\libconnectivity\debug\deflate.obj
e:\friend engine\friend_engine_sources\windows\libconnectivity\libconnectivity\debug\drand.obj
e:\friend engine\friend_engine_sources\windows\libconnectivity\libconnectivity\debug\expx2.obj
e:\friend engine\friend_engine_sources\windows\libconnectivity\libconnectivity\debug\fdtr.obj
e:\friend engine\friend_engine_sources\windows\libconnectivity\libconnectivity\debug\fslio.obj
e:\friend engine\friend_engine_sources\windows\libconnectivity\libconnectivity\debug\gamma.obj
e:\friend engine\friend_engine_sources\windows\libconnectivity\libconnectivity\debug\gdtr.obj
e:\friend engine\friend_engine_sources\windows\libconnectivity\libconnectivity\debug\gzclose.obj
e:\friend engine\friend_engine_sources\windows\libconnectivity\libconnectivity\debug\gzlib.obj
e:\friend engine\friend_engine_sources\windows\libconnectivity\libconnectivity\debug\gzread.obj
e:\friend engine\friend_engine_sources\windows\libconnectivity\libconnectivity\debug\gzwrite.obj
e:\friend engine\friend_engine_sources\windows\libconnectivity\libconnectivity\debug\igam.obj
e:\friend engine\friend_engine_sources\windows\libconnectivity\libconnectivity\debug\igami.obj
e:\friend engine\friend_engine_sources\windows\libconnectivity\debug\libconnectivity.lib
e:\friend engine\friend_engine_sources\windows\libconnectivity\debug\libconnectivity.exp
e:\friend engine\friend_engine_sources\windows\libconnectivity\debug\libconnectivity.ilk
e:\friend engine\friend_engine_sources\windows\libconnectivity\debug\libconnectivity.dll
e:\friend engine\friend_engine_sources\windows\libconnectivity\debug\libconnectivity.pdb
e:\friend engine\friend_engine_sources\windows\libconnectivity\libconnectivity\debug\libconnectivity.tlog\cl.command.1.tlog
e:\friend engine\friend_engine_sources\windows\libconnectivity\libconnectivity\debug\libconnectivity.tlog\cl.read.1.tlog
e:\friend engine\friend_engine_sources\windows\libconnectivity\libconnectivity\debug\libconnectivity.tlog\cl.write.1.tlog
e:\friend engine\friend_engine_sources\windows\libconnectivity\libconnectivity\debug\libconnectivity.tlog\libconnectivity.write.1u.tlog
e:\friend engine\friend_engine_sources\windows\libconnectivity\libconnectivity\debug\libconnectivity.tlog\link.command.1.tlog
e:\friend engine\friend_engine_sources\windows\libconnectivity\libconnectivity\debug\libconnectivity.tlog\link.read.1.tlog
e:\friend engine\friend_engine_sources\windows\libconnectivity\libconnectivity\debug\libconnectivity.tlog\link.write.1.tlog
