Build started 27/06/2014 11:18:32.
     1>Project "E:\Friend Engine\fsl\gdlib\gdlib\gdlib.vcxproj" on node 2 (Build target(s)).
     1>ClCompile:
         C:\Program Files (x86)\Microsoft Visual Studio 12.0\VC\bin\CL.exe /c /I..\..\gd /I..\..\zlib /Zi /nologo /W3 /WX- /O2 /Oi /Oy- /GL /D WIN32 /D NDEBUG /D HAVE_LIBPNG /D BGDWIN32 /D _UNICODE /D UNICODE /Gm- /EHsc /MD /GS /Gy /fp:precise /Zc:wchar_t /Zc:forScope /Fo"Release\\" /Fd"Release\vc120.pdb" /Gd /TC /analyze- /errorReport:prompt ..\..\zlib\adler32.c ..\..\gd\array_alloc.c ..\..\zlib\compress.c ..\..\zlib\crc32.c ..\..\zlib\deflate.c ..\..\zlib\example.c ..\..\gd\gd.c ..\..\gd\gd_gd.c ..\..\gd\gd_gd2.c ..\..\gd\gd_gif_in.c ..\..\gd\gd_gif_out.c ..\..\gd\gd_io.c ..\..\gd\gd_io_dp.c ..\..\gd\gd_io_file.c ..\..\gd\gd_io_ss.c ..\..\gd\gd_jpeg.c ..\..\gd\gd_png.c ..\..\gd\gd_security.c ..\..\gd\gd_ss.c ..\..\gd\gd_topal.c ..\..\gd\gd_wbmp.c ..\..\gd\gdc.c ..\..\gd\gdc_pie.c ..\..\gd\gdcache.c ..\..\gd\gdchart.c ..\..\gd\gdfontg.c ..\..\gd\gdfontl.c ..\..\gd\gdfontmb.c ..\..\gd\gdfonts.c ..\..\gd\gdfontt.c ..\..\gd\gdft.c ..\..\gd\gdfx.c ..\..\gd\gdhelpers.c ..\..\gd\gdkanji.c ..\..\gd\gdtables.c ..\..\gd\gdxpm.c ..\..\zlib\gzclose.c ..\..\zlib\gzlib.c ..\..\zlib\gzread.c ..\..\zlib\gzwrite.c ..\..\zlib\infback.c ..\..\zlib\inffast.c ..\..\zlib\inflate.c ..\..\zlib\inftrees.c ..\..\gd\mtables.c ..\..\gd\png.c ..\..\gd\pngerror.c ..\..\gd\pngget.c ..\..\gd\pngmem.c ..\..\gd\pngpread.c ..\..\gd\pngread.c ..\..\gd\pngrio.c ..\..\gd\pngrtran.c ..\..\gd\pngrutil.c ..\..\gd\pngset.c ..\..\gd\pngtrans.c ..\..\gd\pngwio.c ..\..\gd\pngwrite.c ..\..\gd\pngwtran.c ..\..\gd\pngwutil.c ..\..\gd\price_conv.c ..\..\gd\strlcpy.c ..\..\zlib\trees.c ..\..\zlib\uncompr.c ..\..\gd\wbmp.c ..\..\zlib\zutil.c
         adler32.c
         array_alloc.c
         compress.c
         crc32.c
         deflate.c
         example.c
     1>..\..\zlib\example.c(69): warning C4996: 'strcpy': This function or variable may be unsafe. Consider using strcpy_s instead. To disable deprecation, use _CRT_SECURE_NO_WARNINGS. See online help for details.
     1>..\..\zlib\example.c(120): warning C4996: 'strcpy': This function or variable may be unsafe. Consider using strcpy_s instead. To disable deprecation, use _CRT_SECURE_NO_WARNINGS. See online help for details.
     1>..\..\zlib\example.c(214): warning C4996: 'strcpy': This function or variable may be unsafe. Consider using strcpy_s instead. To disable deprecation, use _CRT_SECURE_NO_WARNINGS. See online help for details.
     1>..\..\zlib\example.c(310): warning C4996: 'strcpy': This function or variable may be unsafe. Consider using strcpy_s instead. To disable deprecation, use _CRT_SECURE_NO_WARNINGS. See online help for details.
     1>..\..\zlib\example.c(389): warning C4996: 'strcpy': This function or variable may be unsafe. Consider using strcpy_s instead. To disable deprecation, use _CRT_SECURE_NO_WARNINGS. See online help for details.
     1>..\..\zlib\example.c(470): warning C4996: 'strcpy': This function or variable may be unsafe. Consider using strcpy_s instead. To disable deprecation, use _CRT_SECURE_NO_WARNINGS. See online help for details.
         gd.c
     1>..\..\gd\gd.c(342): warning C4244: '=' : conversion from 'double' to 'float', possible loss of data
     1>..\..\gd\gd.c(343): warning C4244: '=' : conversion from 'double' to 'float', possible loss of data
     1>..\..\gd\gd.c(359): warning C4244: '=' : conversion from 'double' to 'float', possible loss of data
     1>..\..\gd\gd.c(708): warning C4244: '-=' : conversion from 'double' to 'int', possible loss of data
     1>..\..\gd\gd.c(713): warning C4244: '+=' : conversion from 'double' to 'int', possible loss of data
     1>..\..\gd\gd.c(724): warning C4244: '+=' : conversion from 'double' to 'int', possible loss of data
     1>..\..\gd\gd.c(730): warning C4244: '-=' : conversion from 'double' to 'int', possible loss of data
     1>..\..\gd\gd.c(739): warning C4244: '+=' : conversion from 'double' to 'int', possible loss of data
     1>..\..\gd\gd.c(746): warning C4244: '-=' : conversion from 'double' to 'int', possible loss of data
     1>..\..\gd\gd.c(1108): warning C4244: '=' : conversion from 'double' to 'int', possible loss of data
     1>..\..\gd\gd.c(1189): warning C4244: '=' : conversion from 'double' to 'int', possible loss of data
     1>..\..\gd\gd.c(1284): warning C4244: '=' : conversion from 'double' to 'int', possible loss of data
     1>..\..\gd\gd.c(1352): warning C4244: '=' : conversion from 'double' to 'int', possible loss of data
     1>..\..\gd\gd.c(2337): warning C4244: '=' : conversion from 'double' to 'int', possible loss of data
     1>..\..\gd\gd.c(2339): warning C4244: '=' : conversion from 'double' to 'int', possible loss of data
     1>..\..\gd\gd.c(2341): warning C4244: '=' : conversion from 'double' to 'int', possible loss of data
     1>..\..\gd\gd.c(2391): warning C4244: '=' : conversion from 'double' to 'float', possible loss of data
     1>..\..\gd\gd.c(2394): warning C4244: '=' : conversion from 'double' to 'int', possible loss of data
     1>..\..\gd\gd.c(2396): warning C4244: '=' : conversion from 'double' to 'int', possible loss of data
     1>..\..\gd\gd.c(2398): warning C4244: '=' : conversion from 'double' to 'int', possible loss of data
     1>..\..\gd\gd.c(2615): warning C4244: 'initializing' : conversion from 'double' to 'int', possible loss of data
     1>..\..\gd\gd.c(2616): warning C4244: 'initializing' : conversion from 'double' to 'int', possible loss of data
     1>..\..\gd\gd.c(2624): warning C4244: 'function' : conversion from 'double' to 'int', possible loss of data
     1>..\..\gd\gd.c(2641): warning C4244: 'function' : conversion from 'double' to 'int', possible loss of data
     1>..\..\gd\gd.c(2646): warning C4244: 'function' : conversion from 'double' to 'int', possible loss of data
     1>..\..\gd\gd.c(2897): warning C4996: 'sscanf': This function or variable may be unsafe. Consider using sscanf_s instead. To disable deprecation, use _CRT_SECURE_NO_WARNINGS. See online help for details.
                 C:\Program Files (x86)\Microsoft Visual Studio 12.0\VC\include\stdio.h(304) : see declaration of 'sscanf'
         gd_gd.c
         gd_gd2.c
         gd_gif_in.c
         gd_gif_out.c
         gd_io.c
         gd_io_dp.c
         gd_io_file.c
         gd_io_ss.c
         gd_jpeg.c
         gd_png.c
         gd_security.c
         gd_ss.c
         gd_topal.c
         Compiling...
         gd_wbmp.c
         gdc.c
         gdc_pie.c
     1>..\..\gd\gdc_pie.c(114): warning C4244: '=' : conversion from 'double' to 'float', possible loss of data
     1>..\..\gd\gdc_pie.c(116): warning C4244: '=' : conversion from 'double' to 'float', possible loss of data
     1>..\..\gd\gdc_pie.c(129): warning C4244: '=' : conversion from 'double' to 'float', possible loss of data
     1>..\..\gd\gdc_pie.c(131): warning C4244: '=' : conversion from 'double' to 'float', possible loss of data
     1>..\..\gd\gdc_pie.c(167): warning C4244: 'initializing' : conversion from 'double' to 'float', possible loss of data
     1>..\..\gd\gdc_pie.c(176): warning C4244: 'initializing' : conversion from 'double' to 'float', possible loss of data
     1>..\..\gd\gdc_pie.c(208): warning C4244: '=' : conversion from 'double' to 'float', possible loss of data
     1>..\..\gd\gdc_pie.c(252): warning C4244: 'initializing' : conversion from 'double' to 'float', possible loss of data
     1>..\..\gd\gdc_pie.c(259): warning C4244: '=' : conversion from 'double' to 'float', possible loss of data
     1>..\..\gd\gdc_pie.c(279): warning C4996: 'sprintf': This function or variable may be unsafe. Consider using sprintf_s instead. To disable deprecation, use _CRT_SECURE_NO_WARNINGS. See online help for details.
                 C:\Program Files (x86)\Microsoft Visual Studio 12.0\VC\include\stdio.h(356) : see declaration of 'sprintf'
     1>..\..\gd\gdc_pie.c(424): warning C4244: '=' : conversion from 'double' to 'float', possible loss of data
     1>..\..\gd\gdc_pie.c(439): warning C4244: 'initializing' : conversion from 'double' to 'float', possible loss of data
     1>..\..\gd\gdc_pie.c(479): warning C4244: '=' : conversion from 'double' to 'float', possible loss of data
     1>..\..\gd\gdc_pie.c(486): warning C4244: '=' : conversion from 'double' to 'float', possible loss of data
     1>..\..\gd\gdc_pie.c(499): warning C4244: '=' : conversion from 'double' to 'float', possible loss of data
     1>..\..\gd\gdc_pie.c(506): warning C4244: '=' : conversion from 'double' to 'float', possible loss of data
     1>..\..\gd\gdc_pie.c(510): warning C4090: 'function' : different 'const' qualifiers
     1>..\..\gd\gdc_pie.c(510): warning C4028: formal parameter 1 different from declaration
     1>..\..\gd\gdc_pie.c(510): warning C4028: formal parameter 2 different from declaration
     1>..\..\gd\gdc_pie.c(555): warning C4244: 'initializing' : conversion from 'double' to 'float', possible loss of data
         gdcache.c
         gdchart.c
     1>..\..\gd\gdchart.c(840): warning C4305: 'initializing' : truncation from 'double' to 'float'
     1>..\..\gd\gdchart.c(862): warning C4244: 'initializing' : conversion from 'double' to 'float', possible loss of data
     1>..\..\gd\gdchart.c(898): warning C4996: 'sprintf': This function or variable may be unsafe. Consider using sprintf_s instead. To disable deprecation, use _CRT_SECURE_NO_WARNINGS. See online help for details.
                 C:\Program Files (x86)\Microsoft Visual Studio 12.0\VC\include\stdio.h(356) : see declaration of 'sprintf'
     1>..\..\gd\gdchart.c(917): warning C4244: '+=' : conversion from 'double' to 'float', possible loss of data
     1>..\..\gd\gdchart.c(919): warning C4244: '-=' : conversion from 'double' to 'float', possible loss of data
     1>..\..\gd\gdchart.c(924): warning C4996: 'sprintf': This function or variable may be unsafe. Consider using sprintf_s instead. To disable deprecation, use _CRT_SECURE_NO_WARNINGS. See online help for details.
                 C:\Program Files (x86)\Microsoft Visual Studio 12.0\VC\include\stdio.h(356) : see declaration of 'sprintf'
     1>..\..\gd\gdchart.c(925): warning C4996: 'sprintf': This function or variable may be unsafe. Consider using sprintf_s instead. To disable deprecation, use _CRT_SECURE_NO_WARNINGS. See online help for details.
                 C:\Program Files (x86)\Microsoft Visual Studio 12.0\VC\include\stdio.h(356) : see declaration of 'sprintf'
     1>..\..\gd\gdchart.c(950): warning C4244: 'initializing' : conversion from 'double' to 'float', possible loss of data
     1>..\..\gd\gdchart.c(964): warning C4244: '=' : conversion from 'int' to 'float', possible loss of data
     1>..\..\gd\gdchart.c(965): warning C4244: '=' : conversion from 'float' to 'int', possible loss of data
     1>..\..\gd\gdchart.c(974): warning C4244: '=' : conversion from 'float' to 'int', possible loss of data
     1>..\..\gd\gdchart.c(1011): warning C4996: 'fopen': This function or variable may be unsafe. Consider using fopen_s instead. To disable deprecation, use _CRT_SECURE_NO_WARNINGS. See online help for details.
                 C:\Program Files (x86)\Microsoft Visual Studio 12.0\VC\include\stdio.h(211) : see declaration of 'fopen'
     1>..\..\gd\gdchart.c(1173): warning C4996: 'sprintf': This function or variable may be unsafe. Consider using sprintf_s instead. To disable deprecation, use _CRT_SECURE_NO_WARNINGS. See online help for details.
                 C:\Program Files (x86)\Microsoft Visual Studio 12.0\VC\include\stdio.h(356) : see declaration of 'sprintf'
     1>..\..\gd\gdchart.c(1174): warning C4996: 'sprintf': This function or variable may be unsafe. Consider using sprintf_s instead. To disable deprecation, use _CRT_SECURE_NO_WARNINGS. See online help for details.
                 C:\Program Files (x86)\Microsoft Visual Studio 12.0\VC\include\stdio.h(356) : see declaration of 'sprintf'
     1>..\..\gd\gdchart.c(1175): warning C4996: 'sprintf': This function or variable may be unsafe. Consider using sprintf_s instead. To disable deprecation, use _CRT_SECURE_NO_WARNINGS. See online help for details.
                 C:\Program Files (x86)\Microsoft Visual Studio 12.0\VC\include\stdio.h(356) : see declaration of 'sprintf'
     1>..\..\gd\gdchart.c(1252): warning C4996: 'sprintf': This function or variable may be unsafe. Consider using sprintf_s instead. To disable deprecation, use _CRT_SECURE_NO_WARNINGS. See online help for details.
                 C:\Program Files (x86)\Microsoft Visual Studio 12.0\VC\include\stdio.h(356) : see declaration of 'sprintf'
     1>..\..\gd\gdchart.c(1259): warning C4996: 'strcpy': This function or variable may be unsafe. Consider using strcpy_s instead. To disable deprecation, use _CRT_SECURE_NO_WARNINGS. See online help for details.
     1>..\..\gd\gdchart.c(1292): warning C4244: 'function' : conversion from 'float' to 'int', possible loss of data
     1>..\..\gd\gdchart.c(1310): warning C4244: 'function' : conversion from 'float' to 'int', possible loss of data
     1>..\..\gd\gdchart.c(2041): warning C4013: 'get_uniq_color' undefined; assuming extern returning int
     1>..\..\gd\gdchart.c(461): warning C4101: 'volpoly' : unreferenced local variable
     1>..\..\gd\gdchart.c(532): warning C4101: 'ThumbDColor' : unreferenced local variable
     1>..\..\gd\gdchart.c(534): warning C4101: 'ThumbUColor' : unreferenced local variable
     1>..\..\gd\gdchart.c(446): warning C4101: 'k' : unreferenced local variable
     1>..\..\gd\gdchart.c(533): warning C4101: 'ThumbLblColor' : unreferenced local variable
         gdfontg.c
         gdfontl.c
         gdfontmb.c
         gdfonts.c
         gdfontt.c
         gdft.c
     1>..\..\gd\gdft.c(29): warning C4005: 'NUMCOLORS' : macro redefinition
                 C:\Program Files (x86)\Windows Kits\8.1\Include\um\wingdi.h(1998) : see previous definition of 'NUMCOLORS'
     1>..\..\gd\gdft.c(1563): warning C4996: 'getenv': This function or variable may be unsafe. Consider using _dupenv_s instead. To disable deprecation, use _CRT_SECURE_NO_WARNINGS. See online help for details.
                 C:\Program Files (x86)\Microsoft Visual Studio 12.0\VC\include\stdlib.h(462) : see declaration of 'getenv'
     1>..\..\gd\gdft.c(1566): warning C4996: 'strdup': The POSIX name for this item is deprecated. Instead, use the ISO C++ conformant name: _strdup. See online help for details.
                 C:\Program Files (x86)\Microsoft Visual Studio 12.0\VC\include\string.h(245) : see declaration of 'strdup'
     1>..\..\gd\gdft.c(1576): warning C4996: 'strdup': The POSIX name for this item is deprecated. Instead, use the ISO C++ conformant name: _strdup. See online help for details.
                 C:\Program Files (x86)\Microsoft Visual Studio 12.0\VC\include\string.h(245) : see declaration of 'strdup'
     1>..\..\gd\gdft.c(1594): warning C4996: 'sprintf': This function or variable may be unsafe. Consider using sprintf_s instead. To disable deprecation, use _CRT_SECURE_NO_WARNINGS. See online help for details.
                 C:\Program Files (x86)\Microsoft Visual Studio 12.0\VC\include\stdio.h(356) : see declaration of 'sprintf'
     1>..\..\gd\gdft.c(1595): warning C4996: 'access': The POSIX name for this item is deprecated. Instead, use the ISO C++ conformant name: _access. See online help for details.
                 C:\Program Files (x86)\Microsoft Visual Studio 12.0\VC\include\io.h(323) : see declaration of 'access'
     1>..\..\gd\gdft.c(1604): warning C4996: 'strtok': This function or variable may be unsafe. Consider using strtok_s instead. To disable deprecation, use _CRT_SECURE_NO_WARNINGS. See online help for details.
                 C:\Program Files (x86)\Microsoft Visual Studio 12.0\VC\include\string.h(204) : see declaration of 'strtok'
     1>..\..\gd\gdft.c(1608): warning C4996: 'sprintf': This function or variable may be unsafe. Consider using sprintf_s instead. To disable deprecation, use _CRT_SECURE_NO_WARNINGS. See online help for details.
                 C:\Program Files (x86)\Microsoft Visual Studio 12.0\VC\include\stdio.h(356) : see declaration of 'sprintf'
     1>..\..\gd\gdft.c(1609): warning C4996: 'access': The POSIX name for this item is deprecated. Instead, use the ISO C++ conformant name: _access. See online help for details.
                 C:\Program Files (x86)\Microsoft Visual Studio 12.0\VC\include\io.h(323) : see declaration of 'access'
     1>..\..\gd\gdft.c(1619): warning C4996: 'sprintf': This function or variable may be unsafe. Consider using sprintf_s instead. To disable deprecation, use _CRT_SECURE_NO_WARNINGS. See online help for details.
                 C:\Program Files (x86)\Microsoft Visual Studio 12.0\VC\include\stdio.h(356) : see declaration of 'sprintf'
     1>..\..\gd\gdft.c(1620): warning C4996: 'access': The POSIX name for this item is deprecated. Instead, use the ISO C++ conformant name: _access. See online help for details.
                 C:\Program Files (x86)\Microsoft Visual Studio 12.0\VC\include\io.h(323) : see declaration of 'access'
     1>..\..\gd\gdft.c(1625): warning C4996: 'sprintf': This function or variable may be unsafe. Consider using sprintf_s instead. To disable deprecation, use _CRT_SECURE_NO_WARNINGS. See online help for details.
                 C:\Program Files (x86)\Microsoft Visual Studio 12.0\VC\include\stdio.h(356) : see declaration of 'sprintf'
     1>..\..\gd\gdft.c(1626): warning C4996: 'access': The POSIX name for this item is deprecated. Instead, use the ISO C++ conformant name: _access. See online help for details.
                 C:\Program Files (x86)\Microsoft Visual Studio 12.0\VC\include\io.h(323) : see declaration of 'access'
     1>..\..\gd\gdft.c(1631): warning C4996: 'sprintf': This function or variable may be unsafe. Consider using sprintf_s instead. To disable deprecation, use _CRT_SECURE_NO_WARNINGS. See online help for details.
                 C:\Program Files (x86)\Microsoft Visual Studio 12.0\VC\include\stdio.h(356) : see declaration of 'sprintf'
     1>..\..\gd\gdft.c(1632): warning C4996: 'access': The POSIX name for this item is deprecated. Instead, use the ISO C++ conformant name: _access. See online help for details.
                 C:\Program Files (x86)\Microsoft Visual Studio 12.0\VC\include\io.h(323) : see declaration of 'access'
     1>..\..\gd\gdft.c(1637): warning C4996: 'sprintf': This function or variable may be unsafe. Consider using sprintf_s instead. To disable deprecation, use _CRT_SECURE_NO_WARNINGS. See online help for details.
                 C:\Program Files (x86)\Microsoft Visual Studio 12.0\VC\include\stdio.h(356) : see declaration of 'sprintf'
     1>..\..\gd\gdft.c(1638): warning C4996: 'access': The POSIX name for this item is deprecated. Instead, use the ISO C++ conformant name: _access. See online help for details.
                 C:\Program Files (x86)\Microsoft Visual Studio 12.0\VC\include\io.h(323) : see declaration of 'access'
         gdfx.c
     1>..\..\gd\gdfx.c(86): warning C4244: 'function' : conversion from 'double' to 'int', possible loss of data
     1>..\..\gd\gdfx.c(97): warning C4244: 'function' : conversion from 'double' to 'int', possible loss of data
     1>..\..\gd\gdfx.c(167): warning C4244: 'function' : conversion from 'double' to 'int', possible loss of data
     1>..\..\gd\gdfx.c(168): warning C4244: 'function' : conversion from 'double' to 'int', possible loss of data
     1>..\..\gd\gdfx.c(170): warning C4244: 'function' : conversion from 'double' to 'int', possible loss of data
     1>..\..\gd\gdfx.c(174): warning C4244: 'function' : conversion from 'double' to 'int', possible loss of data
     1>..\..\gd\gdfx.c(175): warning C4244: 'function' : conversion from 'double' to 'int', possible loss of data
     1>..\..\gd\gdfx.c(177): warning C4244: 'function' : conversion from 'double' to 'int', possible loss of data
     1>..\..\gd\gdfx.c(187): warning C4244: 'function' : conversion from 'double' to 'int', possible loss of data
     1>..\..\gd\gdfx.c(315): warning C4244: 'function' : conversion from 'double' to 'int', possible loss of data
     1>..\..\gd\gdfx.c(383): warning C4244: '=' : conversion from 'int' to 'float', possible loss of data
     1>..\..\gd\gdfx.c(441): warning C4244: '=' : conversion from 'double' to 'float', possible loss of data
         gdhelpers.c
         gdkanji.c
     1>..\..\gd\gdkanji.c(223): warning C4996: 'getenv': This function or variable may be unsafe. Consider using _dupenv_s instead. To disable deprecation, use _CRT_SECURE_NO_WARNINGS. See online help for details.
                 C:\Program Files (x86)\Microsoft Visual Studio 12.0\VC\include\stdlib.h(462) : see declaration of 'getenv'
     1>..\..\gd\gdkanji.c(224): warning C4996: 'getenv': This function or variable may be unsafe. Consider using _dupenv_s instead. To disable deprecation, use _CRT_SECURE_NO_WARNINGS. See online help for details.
                 C:\Program Files (x86)\Microsoft Visual Studio 12.0\VC\include\stdlib.h(462) : see declaration of 'getenv'
     1>..\..\gd\gdkanji.c(225): warning C4996: 'getenv': This function or variable may be unsafe. Consider using _dupenv_s instead. To disable deprecation, use _CRT_SECURE_NO_WARNINGS. See online help for details.
                 C:\Program Files (x86)\Microsoft Visual Studio 12.0\VC\include\stdlib.h(462) : see declaration of 'getenv'
     1>..\..\gd\gdkanji.c(226): warning C4996: 'getenv': This function or variable may be unsafe. Consider using _dupenv_s instead. To disable deprecation, use _CRT_SECURE_NO_WARNINGS. See online help for details.
                 C:\Program Files (x86)\Microsoft Visual Studio 12.0\VC\include\stdlib.h(462) : see declaration of 'getenv'
     1>..\..\gd\gdkanji.c(227): warning C4996: 'getenv': This function or variable may be unsafe. Consider using _dupenv_s instead. To disable deprecation, use _CRT_SECURE_NO_WARNINGS. See online help for details.
                 C:\Program Files (x86)\Microsoft Visual Studio 12.0\VC\include\stdlib.h(462) : see declaration of 'getenv'
     1>..\..\gd\gdkanji.c(228): warning C4996: 'getenv': This function or variable may be unsafe. Consider using _dupenv_s instead. To disable deprecation, use _CRT_SECURE_NO_WARNINGS. See online help for details.
                 C:\Program Files (x86)\Microsoft Visual Studio 12.0\VC\include\stdlib.h(462) : see declaration of 'getenv'
     1>..\..\gd\gdkanji.c(489): warning C4996: 'strcpy': This function or variable may be unsafe. Consider using strcpy_s instead. To disable deprecation, use _CRT_SECURE_NO_WARNINGS. See online help for details.
     1>..\..\gd\gdkanji.c(522): warning C4996: 'strcpy': This function or variable may be unsafe. Consider using strcpy_s instead. To disable deprecation, use _CRT_SECURE_NO_WARNINGS. See online help for details.
     1>..\..\gd\gdkanji.c(527): warning C4996: 'strcpy': This function or variable may be unsafe. Consider using strcpy_s instead. To disable deprecation, use _CRT_SECURE_NO_WARNINGS. See online help for details.
     1>..\..\gd\gdkanji.c(535): warning C4996: 'strcpy': This function or variable may be unsafe. Consider using strcpy_s instead. To disable deprecation, use _CRT_SECURE_NO_WARNINGS. See online help for details.
     1>..\..\gd\gdkanji.c(540): warning C4996: 'strcpy': This function or variable may be unsafe. Consider using strcpy_s instead. To disable deprecation, use _CRT_SECURE_NO_WARNINGS. See online help for details.
     1>..\..\gd\gdkanji.c(545): warning C4996: 'strcpy': This function or variable may be unsafe. Consider using strcpy_s instead. To disable deprecation, use _CRT_SECURE_NO_WARNINGS. See online help for details.
     1>..\..\gd\gdkanji.c(581): warning C4996: 'strcpy': This function or variable may be unsafe. Consider using strcpy_s instead. To disable deprecation, use _CRT_SECURE_NO_WARNINGS. See online help for details.
     1>..\..\gd\gdkanji.c(587): warning C4996: 'strcpy': This function or variable may be unsafe. Consider using strcpy_s instead. To disable deprecation, use _CRT_SECURE_NO_WARNINGS. See online help for details.
     1>..\..\gd\gdkanji.c(614): warning C4996: 'strcpy': This function or variable may be unsafe. Consider using strcpy_s instead. To disable deprecation, use _CRT_SECURE_NO_WARNINGS. See online help for details.
     1>..\..\gd\gdkanji.c(617): warning C4996: 'strcpy': This function or variable may be unsafe. Consider using strcpy_s instead. To disable deprecation, use _CRT_SECURE_NO_WARNINGS. See online help for details.
         gdtables.c
         gdxpm.c
         gzclose.c
         gzlib.c
     1>..\..\zlib\gzlib.c(156): warning C4996: 'strcpy': This function or variable may be unsafe. Consider using strcpy_s instead. To disable deprecation, use _CRT_SECURE_NO_WARNINGS. See online help for details.
     1>..\..\zlib\gzlib.c(173): warning C4996: 'open': The POSIX name for this item is deprecated. Instead, use the ISO C++ conformant name: _open. See online help for details.
                 C:\Program Files (x86)\Microsoft Visual Studio 12.0\VC\include\io.h(336) : see declaration of 'open'
     1>..\..\zlib\gzlib.c(184): warning C4996: 'lseek': The POSIX name for this item is deprecated. Instead, use the ISO C++ conformant name: _lseek. See online help for details.
                 C:\Program Files (x86)\Microsoft Visual Studio 12.0\VC\include\io.h(334) : see declaration of 'lseek'
     1>..\..\zlib\gzlib.c(221): warning C4996: 'sprintf': This function or variable may be unsafe. Consider using sprintf_s instead. To disable deprecation, use _CRT_SECURE_NO_WARNINGS. See online help for details.
                 C:\Program Files (x86)\Microsoft Visual Studio 12.0\VC\include\stdio.h(356) : see declaration of 'sprintf'
     1>..\..\zlib\gzlib.c(268): warning C4996: 'lseek': The POSIX name for this item is deprecated. Instead, use the ISO C++ conformant name: _lseek. See online help for details.
                 C:\Program Files (x86)\Microsoft Visual Studio 12.0\VC\include\io.h(334) : see declaration of 'lseek'
     1>..\..\zlib\gzlib.c(309): warning C4996: 'lseek': The POSIX name for this item is deprecated. Instead, use the ISO C++ conformant name: _lseek. See online help for details.
                 C:\Program Files (x86)\Microsoft Visual Studio 12.0\VC\include\io.h(334) : see declaration of 'lseek'
     1>..\..\zlib\gzlib.c(404): warning C4996: 'lseek': The POSIX name for this item is deprecated. Instead, use the ISO C++ conformant name: _lseek. See online help for details.
                 C:\Program Files (x86)\Microsoft Visual Studio 12.0\VC\include\io.h(334) : see declaration of 'lseek'
     1>..\..\zlib\gzlib.c(514): warning C4996: 'strcpy': This function or variable may be unsafe. Consider using strcpy_s instead. To disable deprecation, use _CRT_SECURE_NO_WARNINGS. See online help for details.
     1>..\..\zlib\gzlib.c(515): warning C4996: 'strcat': This function or variable may be unsafe. Consider using strcat_s instead. To disable deprecation, use _CRT_SECURE_NO_WARNINGS. See online help for details.
     1>..\..\zlib\gzlib.c(516): warning C4996: 'strcat': This function or variable may be unsafe. Consider using strcat_s instead. To disable deprecation, use _CRT_SECURE_NO_WARNINGS. See online help for details.
         gzread.c
     1>..\..\zlib\gzread.c(31): warning C4996: 'read': The POSIX name for this item is deprecated. Instead, use the ISO C++ conformant name: _read. See online help for details.
                 C:\Program Files (x86)\Microsoft Visual Studio 12.0\VC\include\io.h(337) : see declaration of 'read'
     1>..\..\zlib\gzread.c(37): warning C4996: 'strerror': This function or variable may be unsafe. Consider using strerror_s instead. To disable deprecation, use _CRT_SECURE_NO_WARNINGS. See online help for details.
                 C:\Program Files (x86)\Microsoft Visual Studio 12.0\VC\include\string.h(168) : see declaration of 'strerror'
     1>..\..\zlib\gzread.c(650): warning C4996: 'close': The POSIX name for this item is deprecated. Instead, use the ISO C++ conformant name: _close. See online help for details.
                 C:\Program Files (x86)\Microsoft Visual Studio 12.0\VC\include\io.h(326) : see declaration of 'close'
         gzwrite.c
     1>..\..\zlib\gzwrite.c(80): warning C4996: 'write': The POSIX name for this item is deprecated. Instead, use the ISO C++ conformant name: _write. See online help for details.
                 C:\Program Files (x86)\Microsoft Visual Studio 12.0\VC\include\io.h(342) : see declaration of 'write'
     1>..\..\zlib\gzwrite.c(81): warning C4996: 'strerror': This function or variable may be unsafe. Consider using strerror_s instead. To disable deprecation, use _CRT_SECURE_NO_WARNINGS. See online help for details.
                 C:\Program Files (x86)\Microsoft Visual Studio 12.0\VC\include\string.h(168) : see declaration of 'strerror'
     1>..\..\zlib\gzwrite.c(333): warning C4996: '_vsnprintf': This function or variable may be unsafe. Consider using _vsnprintf_s instead. To disable deprecation, use _CRT_SECURE_NO_WARNINGS. See online help for details.
                 C:\Program Files (x86)\Microsoft Visual Studio 12.0\VC\include\stdio.h(346) : see declaration of '_vsnprintf'
     1>..\..\zlib\gzwrite.c(528): warning C4996: 'close': The POSIX name for this item is deprecated. Instead, use the ISO C++ conformant name: _close. See online help for details.
                 C:\Program Files (x86)\Microsoft Visual Studio 12.0\VC\include\io.h(326) : see declaration of 'close'
         Compiling...
         infback.c
         inffast.c
         inflate.c
         inftrees.c
         mtables.c
         png.c
     1>..\..\gd\png.c(537): warning C4996: '_snprintf': This function or variable may be unsafe. Consider using _snprintf_s instead. To disable deprecation, use _CRT_SECURE_NO_WARNINGS. See online help for details.
                 C:\Program Files (x86)\Microsoft Visual Studio 12.0\VC\include\stdio.h(346) : see declaration of '_snprintf'
         pngerror.c
         pngget.c
         pngmem.c
         pngpread.c
         pngread.c
     1>..\..\gd\pngread.c(134): warning C4996: '_snprintf': This function or variable may be unsafe. Consider using _snprintf_s instead. To disable deprecation, use _CRT_SECURE_NO_WARNINGS. See online help for details.
                 C:\Program Files (x86)\Microsoft Visual Studio 12.0\VC\include\stdio.h(346) : see declaration of '_snprintf'
     1>..\..\gd\pngread.c(139): warning C4996: '_snprintf': This function or variable may be unsafe. Consider using _snprintf_s instead. To disable deprecation, use _CRT_SECURE_NO_WARNINGS. See online help for details.
                 C:\Program Files (x86)\Microsoft Visual Studio 12.0\VC\include\stdio.h(346) : see declaration of '_snprintf'
         pngrio.c
         pngrtran.c
     1>..\..\gd\pngrtran.c(1315): warning C4996: '_snprintf': This function or variable may be unsafe. Consider using _snprintf_s instead. To disable deprecation, use _CRT_SECURE_NO_WARNINGS. See online help for details.
                 C:\Program Files (x86)\Microsoft Visual Studio 12.0\VC\include\stdio.h(346) : see declaration of '_snprintf'
         pngrutil.c
     1>..\..\gd\pngrutil.c(278): warning C4996: '_snprintf': This function or variable may be unsafe. Consider using _snprintf_s instead. To disable deprecation, use _CRT_SECURE_NO_WARNINGS. See online help for details.
                 C:\Program Files (x86)\Microsoft Visual Studio 12.0\VC\include\stdio.h(346) : see declaration of '_snprintf'
     1>..\..\gd\pngrutil.c(381): warning C4996: '_snprintf': This function or variable may be unsafe. Consider using _snprintf_s instead. To disable deprecation, use _CRT_SECURE_NO_WARNINGS. See online help for details.
                 C:\Program Files (x86)\Microsoft Visual Studio 12.0\VC\include\stdio.h(346) : see declaration of '_snprintf'
     1>..\..\gd\pngrutil.c(1137): warning C4996: '_snprintf': This function or variable may be unsafe. Consider using _snprintf_s instead. To disable deprecation, use _CRT_SECURE_NO_WARNINGS. See online help for details.
                 C:\Program Files (x86)\Microsoft Visual Studio 12.0\VC\include\stdio.h(346) : see declaration of '_snprintf'
     1>..\..\gd\pngrutil.c(1140): warning C4996: '_snprintf': This function or variable may be unsafe. Consider using _snprintf_s instead. To disable deprecation, use _CRT_SECURE_NO_WARNINGS. See online help for details.
                 C:\Program Files (x86)\Microsoft Visual Studio 12.0\VC\include\stdio.h(346) : see declaration of '_snprintf'
         pngset.c
         pngtrans.c
         pngwio.c
         pngwrite.c
     1>..\..\gd\pngwrite.c(450): warning C4996: 'gmtime': This function or variable may be unsafe. Consider using gmtime_s instead. To disable deprecation, use _CRT_SECURE_NO_WARNINGS. See online help for details.
                 C:\Program Files (x86)\Microsoft Visual Studio 12.0\VC\include\time.inl(99) : see declaration of 'gmtime'
     1>..\..\gd\pngwrite.c(548): warning C4996: '_snprintf': This function or variable may be unsafe. Consider using _snprintf_s instead. To disable deprecation, use _CRT_SECURE_NO_WARNINGS. See online help for details.
                 C:\Program Files (x86)\Microsoft Visual Studio 12.0\VC\include\stdio.h(346) : see declaration of '_snprintf'
     1>..\..\gd\pngwrite.c(553): warning C4996: '_snprintf': This function or variable may be unsafe. Consider using _snprintf_s instead. To disable deprecation, use _CRT_SECURE_NO_WARNINGS. See online help for details.
                 C:\Program Files (x86)\Microsoft Visual Studio 12.0\VC\include\stdio.h(346) : see declaration of '_snprintf'
         pngwtran.c
         pngwutil.c
     1>..\..\gd\pngwutil.c(226): warning C4996: '_snprintf': This function or variable may be unsafe. Consider using _snprintf_s instead. To disable deprecation, use _CRT_SECURE_NO_WARNINGS. See online help for details.
                 C:\Program Files (x86)\Microsoft Visual Studio 12.0\VC\include\stdio.h(346) : see declaration of '_snprintf'
     1>..\..\gd\pngwutil.c(1260): warning C4996: '_snprintf': This function or variable may be unsafe. Consider using _snprintf_s instead. To disable deprecation, use _CRT_SECURE_NO_WARNINGS. See online help for details.
                 C:\Program Files (x86)\Microsoft Visual Studio 12.0\VC\include\stdio.h(346) : see declaration of '_snprintf'
     1>..\..\gd\pngwutil.c(1621): warning C4996: '_snprintf': This function or variable may be unsafe. Consider using _snprintf_s instead. To disable deprecation, use _CRT_SECURE_NO_WARNINGS. See online help for details.
                 C:\Program Files (x86)\Microsoft Visual Studio 12.0\VC\include\stdio.h(346) : see declaration of '_snprintf'
     1>..\..\gd\pngwutil.c(1623): warning C4996: '_snprintf': This function or variable may be unsafe. Consider using _snprintf_s instead. To disable deprecation, use _CRT_SECURE_NO_WARNINGS. See online help for details.
                 C:\Program Files (x86)\Microsoft Visual Studio 12.0\VC\include\stdio.h(346) : see declaration of '_snprintf'
         Compiling...
         price_conv.c
     1>..\..\gd\price_conv.c(39): warning C4996: 'sprintf': This function or variable may be unsafe. Consider using sprintf_s instead. To disable deprecation, use _CRT_SECURE_NO_WARNINGS. See online help for details.
                 C:\Program Files (x86)\Microsoft Visual Studio 12.0\VC\include\stdio.h(356) : see declaration of 'sprintf'
     1>..\..\gd\price_conv.c(55): warning C4996: 'sprintf': This function or variable may be unsafe. Consider using sprintf_s instead. To disable deprecation, use _CRT_SECURE_NO_WARNINGS. See online help for details.
                 C:\Program Files (x86)\Microsoft Visual Studio 12.0\VC\include\stdio.h(356) : see declaration of 'sprintf'
     1>..\..\gd\price_conv.c(81): warning C4996: 'sprintf': This function or variable may be unsafe. Consider using sprintf_s instead. To disable deprecation, use _CRT_SECURE_NO_WARNINGS. See online help for details.
                 C:\Program Files (x86)\Microsoft Visual Studio 12.0\VC\include\stdio.h(356) : see declaration of 'sprintf'
     1>..\..\gd\price_conv.c(87): warning C4996: 'sprintf': This function or variable may be unsafe. Consider using sprintf_s instead. To disable deprecation, use _CRT_SECURE_NO_WARNINGS. See online help for details.
                 C:\Program Files (x86)\Microsoft Visual Studio 12.0\VC\include\stdio.h(356) : see declaration of 'sprintf'
         strlcpy.c
         trees.c
         uncompr.c
         wbmp.c
         zutil.c
       Lib:
         C:\Program Files (x86)\Microsoft Visual Studio 12.0\VC\bin\Lib.exe /OUT:"E:\Friend Engine\fsl\gdlib\Release\gdlib.lib" /NOLOGO /LTCG Release\adler32.obj
         Release\array_alloc.obj
         Release\compress.obj
         Release\crc32.obj
         Release\deflate.obj
         Release\example.obj
         Release\gd.obj
         Release\gd_gd.obj
         Release\gd_gd2.obj
         Release\gd_gif_in.obj
         Release\gd_gif_out.obj
         Release\gd_io.obj
         Release\gd_io_dp.obj
         Release\gd_io_file.obj
         Release\gd_io_ss.obj
         Release\gd_jpeg.obj
         Release\gd_png.obj
         Release\gd_security.obj
         Release\gd_ss.obj
         Release\gd_topal.obj
         Release\gd_wbmp.obj
         Release\gdc.obj
         Release\gdc_pie.obj
         Release\gdcache.obj
         Release\gdchart.obj
         Release\gdfontg.obj
         Release\gdfontl.obj
         Release\gdfontmb.obj
         Release\gdfonts.obj
         Release\gdfontt.obj
         Release\gdft.obj
         Release\gdfx.obj
         Release\gdhelpers.obj
         Release\gdkanji.obj
         Release\gdtables.obj
         Release\gdxpm.obj
         Release\gzclose.obj
         Release\gzlib.obj
         Release\gzread.obj
         Release\gzwrite.obj
         Release\infback.obj
         Release\inffast.obj
         Release\inflate.obj
         Release\inftrees.obj
         Release\mtables.obj
         Release\png.obj
         Release\pngerror.obj
         Release\pngget.obj
         Release\pngmem.obj
         Release\pngpread.obj
         Release\pngread.obj
         Release\pngrio.obj
         Release\pngrtran.obj
         Release\pngrutil.obj
         Release\pngset.obj
         Release\pngtrans.obj
         Release\pngwio.obj
         Release\pngwrite.obj
         Release\pngwtran.obj
         Release\pngwutil.obj
         Release\price_conv.obj
         Release\strlcpy.obj
         Release\trees.obj
         Release\uncompr.obj
         Release\wbmp.obj
         Release\zutil.obj
         gdlib.vcxproj -> E:\Friend Engine\fsl\gdlib\Release\gdlib.lib
     1>Done Building Project "E:\Friend Engine\fsl\gdlib\gdlib\gdlib.vcxproj" (Build target(s)).

Build succeeded.

Time Elapsed 00:00:09.78
