e:\friend engine\friend_engine_sources\windows\libbraindecoding\libbraindecoding\release\vc120.pdb
e:\friend engine\friend_engine_sources\windows\libbraindecoding\libbraindecoding\release\cspline.obj
e:\friend engine\friend_engine_sources\windows\libbraindecoding\libbraindecoding\release\costfns.obj
e:\friend engine\friend_engine_sources\windows\libbraindecoding\libbraindecoding\release\confusionmatrix.obj
e:\friend engine\friend_engine_sources\windows\libbraindecoding\libbraindecoding\release\complexvolume.obj
e:\friend engine\friend_engine_sources\windows\libbraindecoding\libbraindecoding\release\cholesky.obj
e:\friend engine\friend_engine_sources\windows\libbraindecoding\libbraindecoding\release\check.obj
e:\friend engine\friend_engine_sources\windows\libbraindecoding\libbraindecoding\release\bfmatrix.obj
e:\friend engine\friend_engine_sources\windows\libbraindecoding\libbraindecoding\release\base2z.obj
e:\friend engine\friend_engine_sources\windows\libbraindecoding\libbraindecoding\release\bandmat.obj
e:\friend engine\friend_engine_sources\windows\libbraindecoding\libbraindecoding\release\ap.obj
e:\friend engine\friend_engine_sources\windows\libbraindecoding\libbraindecoding\release\alglibmisc.obj
e:\friend engine\friend_engine_sources\windows\libbraindecoding\libbraindecoding\release\alglibinternal.obj
e:\friend engine\friend_engine_sources\windows\libbraindecoding\libbraindecoding\release\mcflirt.obj
e:\friend engine\friend_engine_sources\windows\libbraindecoding\libbraindecoding\release\loga.obj
e:\friend engine\friend_engine_sources\windows\libbraindecoding\libbraindecoding\release\globaloptionsmc.obj
e:\friend engine\friend_engine_sources\windows\libbraindecoding\libbraindecoding\release\globaloptions.obj
e:\friend engine\friend_engine_sources\windows\libbraindecoding\libbraindecoding\release\flirt.obj
e:\friend engine\friend_engine_sources\windows\libbraindecoding\libbraindecoding\release\convert_xfm.obj
e:\friend engine\friend_engine_sources\windows\libbraindecoding\libbraindecoding\release\avscale.obj
e:\friend engine\friend_engine_sources\windows\libbraindecoding\libbraindecoding\release\fslmaths.obj
e:\friend engine\friend_engine_sources\windows\libbraindecoding\libbraindecoding\release\lazy.obj
e:\friend engine\friend_engine_sources\windows\libbraindecoding\libbraindecoding\release\kernel.obj
e:\friend engine\friend_engine_sources\windows\libbraindecoding\libbraindecoding\release\jacobi.obj
e:\friend engine\friend_engine_sources\windows\libbraindecoding\libbraindecoding\release\intervals.obj
e:\friend engine\friend_engine_sources\windows\libbraindecoding\libbraindecoding\release\interpolation.obj
e:\friend engine\friend_engine_sources\windows\libbraindecoding\libbraindecoding\release\integration.obj
e:\friend engine\friend_engine_sources\windows\libbraindecoding\libbraindecoding\release\imfft.obj
e:\friend engine\friend_engine_sources\windows\libbraindecoding\libbraindecoding\release\histogram.obj
e:\friend engine\friend_engine_sources\windows\libbraindecoding\libbraindecoding\release\hholder.obj
e:\friend engine\friend_engine_sources\windows\libbraindecoding\libbraindecoding\release\generalio.obj
e:\friend engine\friend_engine_sources\windows\libbraindecoding\libbraindecoding\release\functions.obj
e:\friend engine\friend_engine_sources\windows\libbraindecoding\libbraindecoding\release\fslfuncs.obj
e:\friend engine\friend_engine_sources\windows\libbraindecoding\libbraindecoding\release\filefuncs.obj
e:\friend engine\friend_engine_sources\windows\libbraindecoding\libbraindecoding\release\fft.obj
e:\friend engine\friend_engine_sources\windows\libbraindecoding\libbraindecoding\release\fasttransforms.obj
e:\friend engine\friend_engine_sources\windows\libbraindecoding\libbraindecoding\release\f2z.obj
e:\friend engine\friend_engine_sources\windows\libbraindecoding\libbraindecoding\release\evalue.obj
e:\friend engine\friend_engine_sources\windows\libbraindecoding\libbraindecoding\release\diffequations.obj
e:\friend engine\friend_engine_sources\windows\libbraindecoding\libbraindecoding\release\defs.obj
e:\friend engine\friend_engine_sources\windows\libbraindecoding\libbraindecoding\release\dataanalysis.obj
e:\friend engine\friend_engine_sources\windows\libbraindecoding\libbraindecoding\release\newmat9.obj
e:\friend engine\friend_engine_sources\windows\libbraindecoding\libbraindecoding\release\newmat8.obj
e:\friend engine\friend_engine_sources\windows\libbraindecoding\libbraindecoding\release\newmat7.obj
e:\friend engine\friend_engine_sources\windows\libbraindecoding\libbraindecoding\release\newmat6.obj
e:\friend engine\friend_engine_sources\windows\libbraindecoding\libbraindecoding\release\newmat5.obj
e:\friend engine\friend_engine_sources\windows\libbraindecoding\libbraindecoding\release\newmat4.obj
e:\friend engine\friend_engine_sources\windows\libbraindecoding\libbraindecoding\release\newmat3.obj
e:\friend engine\friend_engine_sources\windows\libbraindecoding\libbraindecoding\release\newmat2.obj
e:\friend engine\friend_engine_sources\windows\libbraindecoding\libbraindecoding\release\newmat1.obj
e:\friend engine\friend_engine_sources\windows\libbraindecoding\libbraindecoding\release\newimagefns.obj
e:\friend engine\friend_engine_sources\windows\libbraindecoding\libbraindecoding\release\newimage.obj
e:\friend engine\friend_engine_sources\windows\libbraindecoding\libbraindecoding\release\newfft.obj
e:\friend engine\friend_engine_sources\windows\libbraindecoding\libbraindecoding\release\myexcept.obj
e:\friend engine\friend_engine_sources\windows\libbraindecoding\libbraindecoding\release\miscprob.obj
e:\friend engine\friend_engine_sources\windows\libbraindecoding\libbraindecoding\release\miscmaths.obj
e:\friend engine\friend_engine_sources\windows\libbraindecoding\libbraindecoding\release\minimize.obj
e:\friend engine\friend_engine_sources\windows\libbraindecoding\libbraindecoding\release\matches.obj
e:\friend engine\friend_engine_sources\windows\libbraindecoding\libbraindecoding\release\masks.obj
e:\friend engine\friend_engine_sources\windows\libbraindecoding\libbraindecoding\release\log.obj
e:\friend engine\friend_engine_sources\windows\libbraindecoding\libbraindecoding\release\linalg.obj
e:\friend engine\friend_engine_sources\windows\libbraindecoding\libbraindecoding\release\submat.obj
e:\friend engine\friend_engine_sources\windows\libbraindecoding\libbraindecoding\release\statistics.obj
e:\friend engine\friend_engine_sources\windows\libbraindecoding\libbraindecoding\release\specialfunctions.obj
e:\friend engine\friend_engine_sources\windows\libbraindecoding\libbraindecoding\release\sparsefn.obj
e:\friend engine\friend_engine_sources\windows\libbraindecoding\libbraindecoding\release\sparse_matrix.obj
e:\friend engine\friend_engine_sources\windows\libbraindecoding\libbraindecoding\release\sort.obj
e:\friend engine\friend_engine_sources\windows\libbraindecoding\libbraindecoding\release\solvers.obj
e:\friend engine\friend_engine_sources\windows\libbraindecoding\libbraindecoding\release\solution.obj
e:\friend engine\friend_engine_sources\windows\libbraindecoding\libbraindecoding\release\socket2.obj
e:\friend engine\friend_engine_sources\windows\libbraindecoding\libbraindecoding\release\socket.obj
e:\friend engine\friend_engine_sources\windows\libbraindecoding\libbraindecoding\release\rungekutta.obj
e:\friend engine\friend_engine_sources\windows\libbraindecoding\libbraindecoding\release\parser.obj
e:\friend engine\friend_engine_sources\windows\libbraindecoding\libbraindecoding\release\parse.obj
e:\friend engine\friend_engine_sources\windows\libbraindecoding\libbraindecoding\release\opttst.obj
e:\friend engine\friend_engine_sources\windows\libbraindecoding\libbraindecoding\release\optimization.obj
e:\friend engine\friend_engine_sources\windows\libbraindecoding\libbraindecoding\release\optimise.obj
e:\friend engine\friend_engine_sources\windows\libbraindecoding\libbraindecoding\release\nonlin.obj
e:\friend engine\friend_engine_sources\windows\libbraindecoding\libbraindecoding\release\newmatrm.obj
e:\friend engine\friend_engine_sources\windows\libbraindecoding\libbraindecoding\release\newmatnl.obj
e:\friend engine\friend_engine_sources\windows\libbraindecoding\libbraindecoding\release\newmatex.obj
e:\friend engine\friend_engine_sources\windows\libbraindecoding\libbraindecoding\release\vardb.obj
e:\friend engine\friend_engine_sources\windows\libbraindecoding\libbraindecoding\release\usage.obj
e:\friend engine\friend_engine_sources\windows\libbraindecoding\libbraindecoding\release\time_tracer.obj
e:\friend engine\friend_engine_sources\windows\libbraindecoding\libbraindecoding\release\t2z.obj
e:\friend engine\friend_engine_sources\windows\libbraindecoding\libbraindecoding\release\svmplugin.obj
e:\friend engine\friend_engine_sources\windows\libbraindecoding\libbraindecoding\release\svmobj.obj
e:\friend engine\friend_engine_sources\windows\libbraindecoding\libbraindecoding\release\svmfuncs.obj
e:\friend engine\friend_engine_sources\windows\libbraindecoding\libbraindecoding\release\svm.obj
e:\friend engine\friend_engine_sources\windows\libbraindecoding\libbraindecoding\release\svd.obj
e:\friend engine\friend_engine_sources\windows\libbraindecoding\libbraindecoding\release\igami.obj
e:\friend engine\friend_engine_sources\windows\libbraindecoding\libbraindecoding\release\igam.obj
e:\friend engine\friend_engine_sources\windows\libbraindecoding\libbraindecoding\release\gzwrite.obj
e:\friend engine\friend_engine_sources\windows\libbraindecoding\libbraindecoding\release\gzread.obj
e:\friend engine\friend_engine_sources\windows\libbraindecoding\libbraindecoding\release\gzlib.obj
e:\friend engine\friend_engine_sources\windows\libbraindecoding\libbraindecoding\release\gzclose.obj
e:\friend engine\friend_engine_sources\windows\libbraindecoding\libbraindecoding\release\gdtr.obj
e:\friend engine\friend_engine_sources\windows\libbraindecoding\libbraindecoding\release\gamma.obj
e:\friend engine\friend_engine_sources\windows\libbraindecoding\libbraindecoding\release\fslio.obj
e:\friend engine\friend_engine_sources\windows\libbraindecoding\libbraindecoding\release\fdtr.obj
e:\friend engine\friend_engine_sources\windows\libbraindecoding\libbraindecoding\release\expx2.obj
e:\friend engine\friend_engine_sources\windows\libbraindecoding\libbraindecoding\release\drand.obj
e:\friend engine\friend_engine_sources\windows\libbraindecoding\libbraindecoding\release\dftest.obj
e:\friend engine\friend_engine_sources\windows\libbraindecoding\libbraindecoding\release\deflate.obj
e:\friend engine\friend_engine_sources\windows\libbraindecoding\libbraindecoding\release\crc32.obj
e:\friend engine\friend_engine_sources\windows\libbraindecoding\libbraindecoding\release\const.obj
e:\friend engine\friend_engine_sources\windows\libbraindecoding\libbraindecoding\release\chdtr.obj
e:\friend engine\friend_engine_sources\windows\libbraindecoding\libbraindecoding\release\btdtr.obj
e:\friend engine\friend_engine_sources\windows\libbraindecoding\libbraindecoding\release\bdtr.obj
e:\friend engine\friend_engine_sources\windows\libbraindecoding\libbraindecoding\release\adler32.obj
e:\friend engine\friend_engine_sources\windows\libbraindecoding\libbraindecoding\release\zutil.obj
e:\friend engine\friend_engine_sources\windows\libbraindecoding\libbraindecoding\release\znzlib.obj
e:\friend engine\friend_engine_sources\windows\libbraindecoding\libbraindecoding\release\xmath.obj
e:\friend engine\friend_engine_sources\windows\libbraindecoding\libbraindecoding\release\unity.obj
e:\friend engine\friend_engine_sources\windows\libbraindecoding\libbraindecoding\release\trees.obj
e:\friend engine\friend_engine_sources\windows\libbraindecoding\libbraindecoding\release\stdtr.obj
e:\friend engine\friend_engine_sources\windows\libbraindecoding\libbraindecoding\release\polevl.obj
e:\friend engine\friend_engine_sources\windows\libbraindecoding\libbraindecoding\release\pdtr.obj
e:\friend engine\friend_engine_sources\windows\libbraindecoding\libbraindecoding\release\nifti1_io.obj
e:\friend engine\friend_engine_sources\windows\libbraindecoding\libbraindecoding\release\ndtri.obj
e:\friend engine\friend_engine_sources\windows\libbraindecoding\libbraindecoding\release\ndtr.obj
e:\friend engine\friend_engine_sources\windows\libbraindecoding\libbraindecoding\release\nbdtr.obj
e:\friend engine\friend_engine_sources\windows\libbraindecoding\libbraindecoding\release\mtherr.obj
e:\friend engine\friend_engine_sources\windows\libbraindecoding\libbraindecoding\release\kolmogorov.obj
e:\friend engine\friend_engine_sources\windows\libbraindecoding\libbraindecoding\release\inftrees.obj
e:\friend engine\friend_engine_sources\windows\libbraindecoding\libbraindecoding\release\inflate.obj
e:\friend engine\friend_engine_sources\windows\libbraindecoding\libbraindecoding\release\inffast.obj
e:\friend engine\friend_engine_sources\windows\libbraindecoding\libbraindecoding\release\infback.obj
e:\friend engine\friend_engine_sources\windows\libbraindecoding\libbraindecoding\release\incbi.obj
e:\friend engine\friend_engine_sources\windows\libbraindecoding\libbraindecoding\release\incbet.obj
e:\friend engine\friend_engine_sources\windows\libbraindecoding\release\libbraindecoding.lib
e:\friend engine\friend_engine_sources\windows\libbraindecoding\release\libbraindecoding.exp
e:\friend engine\friend_engine_sources\windows\application\libbraindecoding.dll
e:\friend engine\friend_engine_sources\windows\libbraindecoding\release\libbraindecoding.pdb
e:\friend engine\friend_engine_sources\windows\libbraindecoding\libbraindecoding\release\libbraindecoding.tlog\cl.command.1.tlog
e:\friend engine\friend_engine_sources\windows\libbraindecoding\libbraindecoding\release\libbraindecoding.tlog\cl.read.1.tlog
e:\friend engine\friend_engine_sources\windows\libbraindecoding\libbraindecoding\release\libbraindecoding.tlog\cl.write.1.tlog
e:\friend engine\friend_engine_sources\windows\libbraindecoding\libbraindecoding\release\libbraindecoding.tlog\libbraindecoding.write.1u.tlog
e:\friend engine\friend_engine_sources\windows\libbraindecoding\libbraindecoding\release\libbraindecoding.tlog\link.command.1.tlog
e:\friend engine\friend_engine_sources\windows\libbraindecoding\libbraindecoding\release\libbraindecoding.tlog\link.read.1.tlog
e:\friend engine\friend_engine_sources\windows\libbraindecoding\libbraindecoding\release\libbraindecoding.tlog\link.write.1.tlog
