e:\friend engine\friend_engine_sources\windows\libconnectivity\libconnectivity\release\vc120.pdb
e:\friend engine\friend_engine_sources\windows\libconnectivity\libconnectivity\release\cspline.obj
e:\friend engine\friend_engine_sources\windows\libconnectivity\libconnectivity\release\costfns.obj
e:\friend engine\friend_engine_sources\windows\libconnectivity\libconnectivity\release\connectivityplugin.obj
e:\friend engine\friend_engine_sources\windows\libconnectivity\libconnectivity\release\confusionmatrix.obj
e:\friend engine\friend_engine_sources\windows\libconnectivity\libconnectivity\release\complexvolume.obj
e:\friend engine\friend_engine_sources\windows\libconnectivity\libconnectivity\release\cholesky.obj
e:\friend engine\friend_engine_sources\windows\libconnectivity\libconnectivity\release\check.obj
e:\friend engine\friend_engine_sources\windows\libconnectivity\libconnectivity\release\bfmatrix.obj
e:\friend engine\friend_engine_sources\windows\libconnectivity\libconnectivity\release\base2z.obj
e:\friend engine\friend_engine_sources\windows\libconnectivity\libconnectivity\release\bandmat.obj
e:\friend engine\friend_engine_sources\windows\libconnectivity\libconnectivity\release\ap.obj
e:\friend engine\friend_engine_sources\windows\libconnectivity\libconnectivity\release\alglibmisc.obj
e:\friend engine\friend_engine_sources\windows\libconnectivity\libconnectivity\release\alglibinternal.obj
e:\friend engine\friend_engine_sources\windows\libconnectivity\libconnectivity\release\mcflirt.obj
e:\friend engine\friend_engine_sources\windows\libconnectivity\libconnectivity\release\loga.obj
e:\friend engine\friend_engine_sources\windows\libconnectivity\libconnectivity\release\globaloptionsmc.obj
e:\friend engine\friend_engine_sources\windows\libconnectivity\libconnectivity\release\globaloptions.obj
e:\friend engine\friend_engine_sources\windows\libconnectivity\libconnectivity\release\flirt.obj
e:\friend engine\friend_engine_sources\windows\libconnectivity\libconnectivity\release\convert_xfm.obj
e:\friend engine\friend_engine_sources\windows\libconnectivity\libconnectivity\release\fslmaths.obj
e:\friend engine\friend_engine_sources\windows\libconnectivity\libconnectivity\release\lazy.obj
e:\friend engine\friend_engine_sources\windows\libconnectivity\libconnectivity\release\kernel.obj
e:\friend engine\friend_engine_sources\windows\libconnectivity\libconnectivity\release\jacobi.obj
e:\friend engine\friend_engine_sources\windows\libconnectivity\libconnectivity\release\intervals.obj
e:\friend engine\friend_engine_sources\windows\libconnectivity\libconnectivity\release\interpolation.obj
e:\friend engine\friend_engine_sources\windows\libconnectivity\libconnectivity\release\integration.obj
e:\friend engine\friend_engine_sources\windows\libconnectivity\libconnectivity\release\imfft.obj
e:\friend engine\friend_engine_sources\windows\libconnectivity\libconnectivity\release\histogram.obj
e:\friend engine\friend_engine_sources\windows\libconnectivity\libconnectivity\release\hholder.obj
e:\friend engine\friend_engine_sources\windows\libconnectivity\libconnectivity\release\generalio.obj
e:\friend engine\friend_engine_sources\windows\libconnectivity\libconnectivity\release\functions.obj
e:\friend engine\friend_engine_sources\windows\libconnectivity\libconnectivity\release\fslfuncs.obj
e:\friend engine\friend_engine_sources\windows\libconnectivity\libconnectivity\release\filefuncs.obj
e:\friend engine\friend_engine_sources\windows\libconnectivity\libconnectivity\release\fft.obj
e:\friend engine\friend_engine_sources\windows\libconnectivity\libconnectivity\release\fasttransforms.obj
e:\friend engine\friend_engine_sources\windows\libconnectivity\libconnectivity\release\f2z.obj
e:\friend engine\friend_engine_sources\windows\libconnectivity\libconnectivity\release\evalue.obj
e:\friend engine\friend_engine_sources\windows\libconnectivity\libconnectivity\release\diffequations.obj
e:\friend engine\friend_engine_sources\windows\libconnectivity\libconnectivity\release\defs.obj
e:\friend engine\friend_engine_sources\windows\libconnectivity\libconnectivity\release\dataanalysis.obj
e:\friend engine\friend_engine_sources\windows\libconnectivity\libconnectivity\release\newmat9.obj
e:\friend engine\friend_engine_sources\windows\libconnectivity\libconnectivity\release\newmat8.obj
e:\friend engine\friend_engine_sources\windows\libconnectivity\libconnectivity\release\newmat7.obj
e:\friend engine\friend_engine_sources\windows\libconnectivity\libconnectivity\release\newmat6.obj
e:\friend engine\friend_engine_sources\windows\libconnectivity\libconnectivity\release\newmat5.obj
e:\friend engine\friend_engine_sources\windows\libconnectivity\libconnectivity\release\newmat4.obj
e:\friend engine\friend_engine_sources\windows\libconnectivity\libconnectivity\release\newmat3.obj
e:\friend engine\friend_engine_sources\windows\libconnectivity\libconnectivity\release\newmat2.obj
e:\friend engine\friend_engine_sources\windows\libconnectivity\libconnectivity\release\newmat1.obj
e:\friend engine\friend_engine_sources\windows\libconnectivity\libconnectivity\release\newimagefns.obj
e:\friend engine\friend_engine_sources\windows\libconnectivity\libconnectivity\release\newimage.obj
e:\friend engine\friend_engine_sources\windows\libconnectivity\libconnectivity\release\newfft.obj
e:\friend engine\friend_engine_sources\windows\libconnectivity\libconnectivity\release\myexcept.obj
e:\friend engine\friend_engine_sources\windows\libconnectivity\libconnectivity\release\miscprob.obj
e:\friend engine\friend_engine_sources\windows\libconnectivity\libconnectivity\release\miscmaths.obj
e:\friend engine\friend_engine_sources\windows\libconnectivity\libconnectivity\release\minimize.obj
e:\friend engine\friend_engine_sources\windows\libconnectivity\libconnectivity\release\matches.obj
e:\friend engine\friend_engine_sources\windows\libconnectivity\libconnectivity\release\masks.obj
e:\friend engine\friend_engine_sources\windows\libconnectivity\libconnectivity\release\log.obj
e:\friend engine\friend_engine_sources\windows\libconnectivity\libconnectivity\release\linalg.obj
e:\friend engine\friend_engine_sources\windows\libconnectivity\libconnectivity\release\t2z.obj
e:\friend engine\friend_engine_sources\windows\libconnectivity\libconnectivity\release\svd.obj
e:\friend engine\friend_engine_sources\windows\libconnectivity\libconnectivity\release\submat.obj
e:\friend engine\friend_engine_sources\windows\libconnectivity\libconnectivity\release\statistics.obj
e:\friend engine\friend_engine_sources\windows\libconnectivity\libconnectivity\release\specialfunctions.obj
e:\friend engine\friend_engine_sources\windows\libconnectivity\libconnectivity\release\sort.obj
e:\friend engine\friend_engine_sources\windows\libconnectivity\libconnectivity\release\solvers.obj
e:\friend engine\friend_engine_sources\windows\libconnectivity\libconnectivity\release\solution.obj
e:\friend engine\friend_engine_sources\windows\libconnectivity\libconnectivity\release\socket2.obj
e:\friend engine\friend_engine_sources\windows\libconnectivity\libconnectivity\release\socket.obj
e:\friend engine\friend_engine_sources\windows\libconnectivity\libconnectivity\release\quick.obj
e:\friend engine\friend_engine_sources\windows\libconnectivity\libconnectivity\release\parser.obj
e:\friend engine\friend_engine_sources\windows\libconnectivity\libconnectivity\release\parse.obj
e:\friend engine\friend_engine_sources\windows\libconnectivity\libconnectivity\release\opttst.obj
e:\friend engine\friend_engine_sources\windows\libconnectivity\libconnectivity\release\optimization.obj
e:\friend engine\friend_engine_sources\windows\libconnectivity\libconnectivity\release\optimise.obj
e:\friend engine\friend_engine_sources\windows\libconnectivity\libconnectivity\release\nonlin.obj
e:\friend engine\friend_engine_sources\windows\libconnectivity\libconnectivity\release\newmatrm.obj
e:\friend engine\friend_engine_sources\windows\libconnectivity\libconnectivity\release\newmatnl.obj
e:\friend engine\friend_engine_sources\windows\libconnectivity\libconnectivity\release\newmatex.obj
e:\friend engine\friend_engine_sources\windows\libconnectivity\libconnectivity\release\vardb.obj
e:\friend engine\friend_engine_sources\windows\libconnectivity\libconnectivity\release\usage.obj
e:\friend engine\friend_engine_sources\windows\libconnectivity\libconnectivity\release\time_tracer.obj
e:\friend engine\friend_engine_sources\windows\libconnectivity\libconnectivity\release\incbet.obj
e:\friend engine\friend_engine_sources\windows\libconnectivity\libconnectivity\release\igami.obj
e:\friend engine\friend_engine_sources\windows\libconnectivity\libconnectivity\release\igam.obj
e:\friend engine\friend_engine_sources\windows\libconnectivity\libconnectivity\release\gzwrite.obj
e:\friend engine\friend_engine_sources\windows\libconnectivity\libconnectivity\release\gzread.obj
e:\friend engine\friend_engine_sources\windows\libconnectivity\libconnectivity\release\gzlib.obj
e:\friend engine\friend_engine_sources\windows\libconnectivity\libconnectivity\release\gzclose.obj
e:\friend engine\friend_engine_sources\windows\libconnectivity\libconnectivity\release\gdtr.obj
e:\friend engine\friend_engine_sources\windows\libconnectivity\libconnectivity\release\gamma.obj
e:\friend engine\friend_engine_sources\windows\libconnectivity\libconnectivity\release\fslio.obj
e:\friend engine\friend_engine_sources\windows\libconnectivity\libconnectivity\release\fdtr.obj
e:\friend engine\friend_engine_sources\windows\libconnectivity\libconnectivity\release\expx2.obj
e:\friend engine\friend_engine_sources\windows\libconnectivity\libconnectivity\release\drand.obj
e:\friend engine\friend_engine_sources\windows\libconnectivity\libconnectivity\release\deflate.obj
e:\friend engine\friend_engine_sources\windows\libconnectivity\libconnectivity\release\crc32.obj
e:\friend engine\friend_engine_sources\windows\libconnectivity\libconnectivity\release\const.obj
e:\friend engine\friend_engine_sources\windows\libconnectivity\libconnectivity\release\chdtr.obj
e:\friend engine\friend_engine_sources\windows\libconnectivity\libconnectivity\release\btdtr.obj
e:\friend engine\friend_engine_sources\windows\libconnectivity\libconnectivity\release\bdtr.obj
e:\friend engine\friend_engine_sources\windows\libconnectivity\libconnectivity\release\adler32.obj
e:\friend engine\friend_engine_sources\windows\libconnectivity\libconnectivity\release\zutil.obj
e:\friend engine\friend_engine_sources\windows\libconnectivity\libconnectivity\release\znzlib.obj
e:\friend engine\friend_engine_sources\windows\libconnectivity\libconnectivity\release\xmath.obj
e:\friend engine\friend_engine_sources\windows\libconnectivity\libconnectivity\release\unity.obj
e:\friend engine\friend_engine_sources\windows\libconnectivity\libconnectivity\release\trees.obj
e:\friend engine\friend_engine_sources\windows\libconnectivity\libconnectivity\release\stdtr.obj
e:\friend engine\friend_engine_sources\windows\libconnectivity\libconnectivity\release\polevl.obj
e:\friend engine\friend_engine_sources\windows\libconnectivity\libconnectivity\release\pdtr.obj
e:\friend engine\friend_engine_sources\windows\libconnectivity\libconnectivity\release\nifti1_io.obj
e:\friend engine\friend_engine_sources\windows\libconnectivity\libconnectivity\release\ndtri.obj
e:\friend engine\friend_engine_sources\windows\libconnectivity\libconnectivity\release\ndtr.obj
e:\friend engine\friend_engine_sources\windows\libconnectivity\libconnectivity\release\nbdtr.obj
e:\friend engine\friend_engine_sources\windows\libconnectivity\libconnectivity\release\mtherr.obj
e:\friend engine\friend_engine_sources\windows\libconnectivity\libconnectivity\release\kolmogorov.obj
e:\friend engine\friend_engine_sources\windows\libconnectivity\libconnectivity\release\inftrees.obj
e:\friend engine\friend_engine_sources\windows\libconnectivity\libconnectivity\release\inflate.obj
e:\friend engine\friend_engine_sources\windows\libconnectivity\libconnectivity\release\inffast.obj
e:\friend engine\friend_engine_sources\windows\libconnectivity\libconnectivity\release\infback.obj
e:\friend engine\friend_engine_sources\windows\libconnectivity\libconnectivity\release\incbi.obj
e:\friend engine\friend_engine_sources\windows\libconnectivity\release\libconnectivity.lib
e:\friend engine\friend_engine_sources\windows\libconnectivity\release\libconnectivity.exp
e:\friend engine\friend_engine_sources\windows\application\libconnectivity.dll
e:\friend engine\friend_engine_sources\windows\libconnectivity\release\libconnectivity.pdb
e:\friend engine\friend_engine_sources\windows\libconnectivity\libconnectivity\release\libconnectivity.tlog\cl.command.1.tlog
e:\friend engine\friend_engine_sources\windows\libconnectivity\libconnectivity\release\libconnectivity.tlog\cl.read.1.tlog
e:\friend engine\friend_engine_sources\windows\libconnectivity\libconnectivity\release\libconnectivity.tlog\cl.write.1.tlog
e:\friend engine\friend_engine_sources\windows\libconnectivity\libconnectivity\release\libconnectivity.tlog\libconnectivity.write.1u.tlog
e:\friend engine\friend_engine_sources\windows\libconnectivity\libconnectivity\release\libconnectivity.tlog\link.command.1.tlog
e:\friend engine\friend_engine_sources\windows\libconnectivity\libconnectivity\release\libconnectivity.tlog\link.read.1.tlog
e:\friend engine\friend_engine_sources\windows\libconnectivity\libconnectivity\release\libconnectivity.tlog\link.write.1.tlog
