e:\friend engine\friend_engine_sources\windows\libbraindecoding\libbraindecoding\debug\vc120.pdb
e:\friend engine\friend_engine_sources\windows\libbraindecoding\libbraindecoding\debug\vc120.idb
e:\friend engine\friend_engine_sources\windows\libbraindecoding\libbraindecoding\debug\rungekutta.obj
e:\friend engine\friend_engine_sources\windows\libbraindecoding\libbraindecoding\debug\socket.obj
e:\friend engine\friend_engine_sources\windows\libbraindecoding\libbraindecoding\debug\socket2.obj
e:\friend engine\friend_engine_sources\windows\libbraindecoding\libbraindecoding\debug\solution.obj
e:\friend engine\friend_engine_sources\windows\libbraindecoding\libbraindecoding\debug\solvers.obj
e:\friend engine\friend_engine_sources\windows\libbraindecoding\libbraindecoding\debug\sort.obj
e:\friend engine\friend_engine_sources\windows\libbraindecoding\libbraindecoding\debug\sparse_matrix.obj
e:\friend engine\friend_engine_sources\windows\libbraindecoding\libbraindecoding\debug\sparsefn.obj
e:\friend engine\friend_engine_sources\windows\libbraindecoding\libbraindecoding\debug\specialfunctions.obj
e:\friend engine\friend_engine_sources\windows\libbraindecoding\libbraindecoding\debug\statistics.obj
e:\friend engine\friend_engine_sources\windows\libbraindecoding\libbraindecoding\debug\submat.obj
e:\friend engine\friend_engine_sources\windows\libbraindecoding\libbraindecoding\debug\svd.obj
e:\friend engine\friend_engine_sources\windows\libbraindecoding\libbraindecoding\debug\svm.obj
e:\friend engine\friend_engine_sources\windows\libbraindecoding\libbraindecoding\debug\svmfuncs.obj
e:\friend engine\friend_engine_sources\windows\libbraindecoding\libbraindecoding\debug\svmobj.obj
e:\friend engine\friend_engine_sources\windows\libbraindecoding\libbraindecoding\debug\svmplugin.obj
e:\friend engine\friend_engine_sources\windows\libbraindecoding\libbraindecoding\debug\t2z.obj
e:\friend engine\friend_engine_sources\windows\libbraindecoding\libbraindecoding\debug\time_tracer.obj
e:\friend engine\friend_engine_sources\windows\libbraindecoding\libbraindecoding\debug\usage.obj
e:\friend engine\friend_engine_sources\windows\libbraindecoding\libbraindecoding\debug\vardb.obj
e:\friend engine\friend_engine_sources\windows\libbraindecoding\libbraindecoding\debug\newimage.obj
e:\friend engine\friend_engine_sources\windows\libbraindecoding\libbraindecoding\debug\newimagefns.obj
e:\friend engine\friend_engine_sources\windows\libbraindecoding\libbraindecoding\debug\newmat1.obj
e:\friend engine\friend_engine_sources\windows\libbraindecoding\libbraindecoding\debug\newmat2.obj
e:\friend engine\friend_engine_sources\windows\libbraindecoding\libbraindecoding\debug\newmat3.obj
e:\friend engine\friend_engine_sources\windows\libbraindecoding\libbraindecoding\debug\newmat4.obj
e:\friend engine\friend_engine_sources\windows\libbraindecoding\libbraindecoding\debug\newmat5.obj
e:\friend engine\friend_engine_sources\windows\libbraindecoding\libbraindecoding\debug\newmat6.obj
e:\friend engine\friend_engine_sources\windows\libbraindecoding\libbraindecoding\debug\newmat7.obj
e:\friend engine\friend_engine_sources\windows\libbraindecoding\libbraindecoding\debug\newmat8.obj
e:\friend engine\friend_engine_sources\windows\libbraindecoding\libbraindecoding\debug\newmat9.obj
e:\friend engine\friend_engine_sources\windows\libbraindecoding\libbraindecoding\debug\newmatex.obj
e:\friend engine\friend_engine_sources\windows\libbraindecoding\libbraindecoding\debug\newmatnl.obj
e:\friend engine\friend_engine_sources\windows\libbraindecoding\libbraindecoding\debug\newmatrm.obj
e:\friend engine\friend_engine_sources\windows\libbraindecoding\libbraindecoding\debug\nonlin.obj
e:\friend engine\friend_engine_sources\windows\libbraindecoding\libbraindecoding\debug\optimise.obj
e:\friend engine\friend_engine_sources\windows\libbraindecoding\libbraindecoding\debug\optimization.obj
e:\friend engine\friend_engine_sources\windows\libbraindecoding\libbraindecoding\debug\opttst.obj
e:\friend engine\friend_engine_sources\windows\libbraindecoding\libbraindecoding\debug\parse.obj
e:\friend engine\friend_engine_sources\windows\libbraindecoding\libbraindecoding\debug\parser.obj
e:\friend engine\friend_engine_sources\windows\libbraindecoding\libbraindecoding\debug\functions.obj
e:\friend engine\friend_engine_sources\windows\libbraindecoding\libbraindecoding\debug\generalio.obj
e:\friend engine\friend_engine_sources\windows\libbraindecoding\libbraindecoding\debug\hholder.obj
e:\friend engine\friend_engine_sources\windows\libbraindecoding\libbraindecoding\debug\histogram.obj
e:\friend engine\friend_engine_sources\windows\libbraindecoding\libbraindecoding\debug\imfft.obj
e:\friend engine\friend_engine_sources\windows\libbraindecoding\libbraindecoding\debug\integration.obj
e:\friend engine\friend_engine_sources\windows\libbraindecoding\libbraindecoding\debug\interpolation.obj
e:\friend engine\friend_engine_sources\windows\libbraindecoding\libbraindecoding\debug\intervals.obj
e:\friend engine\friend_engine_sources\windows\libbraindecoding\libbraindecoding\debug\jacobi.obj
e:\friend engine\friend_engine_sources\windows\libbraindecoding\libbraindecoding\debug\kernel.obj
e:\friend engine\friend_engine_sources\windows\libbraindecoding\libbraindecoding\debug\lazy.obj
e:\friend engine\friend_engine_sources\windows\libbraindecoding\libbraindecoding\debug\linalg.obj
e:\friend engine\friend_engine_sources\windows\libbraindecoding\libbraindecoding\debug\log.obj
e:\friend engine\friend_engine_sources\windows\libbraindecoding\libbraindecoding\debug\masks.obj
e:\friend engine\friend_engine_sources\windows\libbraindecoding\libbraindecoding\debug\matches.obj
e:\friend engine\friend_engine_sources\windows\libbraindecoding\libbraindecoding\debug\minimize.obj
e:\friend engine\friend_engine_sources\windows\libbraindecoding\libbraindecoding\debug\miscmaths.obj
e:\friend engine\friend_engine_sources\windows\libbraindecoding\libbraindecoding\debug\miscprob.obj
e:\friend engine\friend_engine_sources\windows\libbraindecoding\libbraindecoding\debug\myexcept.obj
e:\friend engine\friend_engine_sources\windows\libbraindecoding\libbraindecoding\debug\newfft.obj
e:\friend engine\friend_engine_sources\windows\libbraindecoding\libbraindecoding\debug\alglibmisc.obj
e:\friend engine\friend_engine_sources\windows\libbraindecoding\libbraindecoding\debug\ap.obj
e:\friend engine\friend_engine_sources\windows\libbraindecoding\libbraindecoding\debug\bandmat.obj
e:\friend engine\friend_engine_sources\windows\libbraindecoding\libbraindecoding\debug\base2z.obj
e:\friend engine\friend_engine_sources\windows\libbraindecoding\libbraindecoding\debug\bfmatrix.obj
e:\friend engine\friend_engine_sources\windows\libbraindecoding\libbraindecoding\debug\check.obj
e:\friend engine\friend_engine_sources\windows\libbraindecoding\libbraindecoding\debug\cholesky.obj
e:\friend engine\friend_engine_sources\windows\libbraindecoding\libbraindecoding\debug\complexvolume.obj
e:\friend engine\friend_engine_sources\windows\libbraindecoding\libbraindecoding\debug\confusionmatrix.obj
e:\friend engine\friend_engine_sources\windows\libbraindecoding\libbraindecoding\debug\costfns.obj
e:\friend engine\friend_engine_sources\windows\libbraindecoding\libbraindecoding\debug\cspline.obj
e:\friend engine\friend_engine_sources\windows\libbraindecoding\libbraindecoding\debug\dataanalysis.obj
e:\friend engine\friend_engine_sources\windows\libbraindecoding\libbraindecoding\debug\defs.obj
e:\friend engine\friend_engine_sources\windows\libbraindecoding\libbraindecoding\debug\diffequations.obj
e:\friend engine\friend_engine_sources\windows\libbraindecoding\libbraindecoding\debug\evalue.obj
e:\friend engine\friend_engine_sources\windows\libbraindecoding\libbraindecoding\debug\f2z.obj
e:\friend engine\friend_engine_sources\windows\libbraindecoding\libbraindecoding\debug\fasttransforms.obj
e:\friend engine\friend_engine_sources\windows\libbraindecoding\libbraindecoding\debug\fft.obj
e:\friend engine\friend_engine_sources\windows\libbraindecoding\libbraindecoding\debug\filefuncs.obj
e:\friend engine\friend_engine_sources\windows\libbraindecoding\libbraindecoding\debug\fslfuncs.obj
e:\friend engine\friend_engine_sources\windows\libbraindecoding\libbraindecoding\debug\fslmaths.obj
e:\friend engine\friend_engine_sources\windows\libbraindecoding\libbraindecoding\debug\avscale.obj
e:\friend engine\friend_engine_sources\windows\libbraindecoding\libbraindecoding\debug\convert_xfm.obj
e:\friend engine\friend_engine_sources\windows\libbraindecoding\libbraindecoding\debug\flirt.obj
e:\friend engine\friend_engine_sources\windows\libbraindecoding\libbraindecoding\debug\globaloptions.obj
e:\friend engine\friend_engine_sources\windows\libbraindecoding\libbraindecoding\debug\globaloptionsmc.obj
e:\friend engine\friend_engine_sources\windows\libbraindecoding\libbraindecoding\debug\loga.obj
e:\friend engine\friend_engine_sources\windows\libbraindecoding\libbraindecoding\debug\mcflirt.obj
e:\friend engine\friend_engine_sources\windows\libbraindecoding\libbraindecoding\debug\alglibinternal.obj
e:\friend engine\friend_engine_sources\windows\libbraindecoding\libbraindecoding\debug\incbet.obj
e:\friend engine\friend_engine_sources\windows\libbraindecoding\libbraindecoding\debug\incbi.obj
e:\friend engine\friend_engine_sources\windows\libbraindecoding\libbraindecoding\debug\infback.obj
e:\friend engine\friend_engine_sources\windows\libbraindecoding\libbraindecoding\debug\inffast.obj
e:\friend engine\friend_engine_sources\windows\libbraindecoding\libbraindecoding\debug\inflate.obj
e:\friend engine\friend_engine_sources\windows\libbraindecoding\libbraindecoding\debug\inftrees.obj
e:\friend engine\friend_engine_sources\windows\libbraindecoding\libbraindecoding\debug\kolmogorov.obj
e:\friend engine\friend_engine_sources\windows\libbraindecoding\libbraindecoding\debug\mtherr.obj
e:\friend engine\friend_engine_sources\windows\libbraindecoding\libbraindecoding\debug\nbdtr.obj
e:\friend engine\friend_engine_sources\windows\libbraindecoding\libbraindecoding\debug\ndtr.obj
e:\friend engine\friend_engine_sources\windows\libbraindecoding\libbraindecoding\debug\ndtri.obj
e:\friend engine\friend_engine_sources\windows\libbraindecoding\libbraindecoding\debug\nifti1_io.obj
e:\friend engine\friend_engine_sources\windows\libbraindecoding\libbraindecoding\debug\pdtr.obj
e:\friend engine\friend_engine_sources\windows\libbraindecoding\libbraindecoding\debug\polevl.obj
e:\friend engine\friend_engine_sources\windows\libbraindecoding\libbraindecoding\debug\stdtr.obj
e:\friend engine\friend_engine_sources\windows\libbraindecoding\libbraindecoding\debug\trees.obj
e:\friend engine\friend_engine_sources\windows\libbraindecoding\libbraindecoding\debug\unity.obj
e:\friend engine\friend_engine_sources\windows\libbraindecoding\libbraindecoding\debug\xmath.obj
e:\friend engine\friend_engine_sources\windows\libbraindecoding\libbraindecoding\debug\znzlib.obj
e:\friend engine\friend_engine_sources\windows\libbraindecoding\libbraindecoding\debug\zutil.obj
e:\friend engine\friend_engine_sources\windows\libbraindecoding\libbraindecoding\debug\adler32.obj
e:\friend engine\friend_engine_sources\windows\libbraindecoding\libbraindecoding\debug\bdtr.obj
e:\friend engine\friend_engine_sources\windows\libbraindecoding\libbraindecoding\debug\btdtr.obj
e:\friend engine\friend_engine_sources\windows\libbraindecoding\libbraindecoding\debug\chdtr.obj
e:\friend engine\friend_engine_sources\windows\libbraindecoding\libbraindecoding\debug\const.obj
e:\friend engine\friend_engine_sources\windows\libbraindecoding\libbraindecoding\debug\crc32.obj
e:\friend engine\friend_engine_sources\windows\libbraindecoding\libbraindecoding\debug\deflate.obj
e:\friend engine\friend_engine_sources\windows\libbraindecoding\libbraindecoding\debug\dftest.obj
e:\friend engine\friend_engine_sources\windows\libbraindecoding\libbraindecoding\debug\drand.obj
e:\friend engine\friend_engine_sources\windows\libbraindecoding\libbraindecoding\debug\expx2.obj
e:\friend engine\friend_engine_sources\windows\libbraindecoding\libbraindecoding\debug\fdtr.obj
e:\friend engine\friend_engine_sources\windows\libbraindecoding\libbraindecoding\debug\fslio.obj
e:\friend engine\friend_engine_sources\windows\libbraindecoding\libbraindecoding\debug\gamma.obj
e:\friend engine\friend_engine_sources\windows\libbraindecoding\libbraindecoding\debug\gdtr.obj
e:\friend engine\friend_engine_sources\windows\libbraindecoding\libbraindecoding\debug\gzclose.obj
e:\friend engine\friend_engine_sources\windows\libbraindecoding\libbraindecoding\debug\gzlib.obj
e:\friend engine\friend_engine_sources\windows\libbraindecoding\libbraindecoding\debug\gzread.obj
e:\friend engine\friend_engine_sources\windows\libbraindecoding\libbraindecoding\debug\gzwrite.obj
e:\friend engine\friend_engine_sources\windows\libbraindecoding\libbraindecoding\debug\igam.obj
e:\friend engine\friend_engine_sources\windows\libbraindecoding\libbraindecoding\debug\igami.obj
e:\friend engine\friend_engine_sources\windows\libbraindecoding\debug\libbraindecoding.lib
e:\friend engine\friend_engine_sources\windows\libbraindecoding\debug\libbraindecoding.exp
e:\friend engine\friend_engine_sources\windows\libbraindecoding\debug\libbraindecoding.ilk
e:\friend engine\friend_engine_sources\windows\libbraindecoding\debug\libbraindecoding.dll
e:\friend engine\friend_engine_sources\windows\libbraindecoding\debug\libbraindecoding.pdb
e:\friend engine\friend_engine_sources\windows\libbraindecoding\libbraindecoding\debug\libbraindecoding.tlog\cl.command.1.tlog
e:\friend engine\friend_engine_sources\windows\libbraindecoding\libbraindecoding\debug\libbraindecoding.tlog\cl.read.1.tlog
e:\friend engine\friend_engine_sources\windows\libbraindecoding\libbraindecoding\debug\libbraindecoding.tlog\cl.write.1.tlog
e:\friend engine\friend_engine_sources\windows\libbraindecoding\libbraindecoding\debug\libbraindecoding.tlog\libbraindecoding.write.1u.tlog
e:\friend engine\friend_engine_sources\windows\libbraindecoding\libbraindecoding\debug\libbraindecoding.tlog\link.command.1.tlog
e:\friend engine\friend_engine_sources\windows\libbraindecoding\libbraindecoding\debug\libbraindecoding.tlog\link.read.1.tlog
e:\friend engine\friend_engine_sources\windows\libbraindecoding\libbraindecoding\debug\libbraindecoding.tlog\link.write.1.tlog
